   1              	 .syntax unified
   2              	 .cpu cortex-m4
   3              	 .eabi_attribute 27,3
   4              	 .fpu fpv4-sp-d16
   5              	 .eabi_attribute 20,1
   6              	 .eabi_attribute 21,1
   7              	 .eabi_attribute 23,3
   8              	 .eabi_attribute 24,1
   9              	 .eabi_attribute 25,1
  10              	 .eabi_attribute 26,1
  11              	 .eabi_attribute 30,6
  12              	 .eabi_attribute 34,1
  13              	 .eabi_attribute 18,4
  14              	 .thumb
  15              	 .file "main.c"
  16              	 .text
  17              	.Ltext0:
  18              	 .cfi_sections .debug_frame
  19              	 .section .text.XMC_GPIO_SetOutputHigh,"ax",%progbits
  20              	 .align 2
  21              	 .thumb
  22              	 .thumb_func
  24              	XMC_GPIO_SetOutputHigh:
  25              	.LFB135:
  26              	 .file 1 "D:/GitHub/XMC4700-Workspace/XMC4700_BAR_LED/Libraries/XMCLib/inc/xmc_gpio.h"
   1:D:/GitHub/XMC4700-Workspace/XMC4700_BAR_LED/Libraries/XMCLib/inc\xmc_gpio.h **** /**
   2:D:/GitHub/XMC4700-Workspace/XMC4700_BAR_LED/Libraries/XMCLib/inc\xmc_gpio.h ****  * @file xmc_gpio.h
   3:D:/GitHub/XMC4700-Workspace/XMC4700_BAR_LED/Libraries/XMCLib/inc\xmc_gpio.h ****  * @date 2015-06-20
   4:D:/GitHub/XMC4700-Workspace/XMC4700_BAR_LED/Libraries/XMCLib/inc\xmc_gpio.h ****  *
   5:D:/GitHub/XMC4700-Workspace/XMC4700_BAR_LED/Libraries/XMCLib/inc\xmc_gpio.h ****  * @cond
   6:D:/GitHub/XMC4700-Workspace/XMC4700_BAR_LED/Libraries/XMCLib/inc\xmc_gpio.h ****  *****************************************************************************
   7:D:/GitHub/XMC4700-Workspace/XMC4700_BAR_LED/Libraries/XMCLib/inc\xmc_gpio.h ****  * XMClib v2.2.0 - XMC Peripheral Driver Library
   8:D:/GitHub/XMC4700-Workspace/XMC4700_BAR_LED/Libraries/XMCLib/inc\xmc_gpio.h ****  *
   9:D:/GitHub/XMC4700-Workspace/XMC4700_BAR_LED/Libraries/XMCLib/inc\xmc_gpio.h ****  * Copyright (c) 2015-2020, Infineon Technologies AG
  10:D:/GitHub/XMC4700-Workspace/XMC4700_BAR_LED/Libraries/XMCLib/inc\xmc_gpio.h ****  * All rights reserved.
  11:D:/GitHub/XMC4700-Workspace/XMC4700_BAR_LED/Libraries/XMCLib/inc\xmc_gpio.h ****  *
  12:D:/GitHub/XMC4700-Workspace/XMC4700_BAR_LED/Libraries/XMCLib/inc\xmc_gpio.h ****  * Boost Software License - Version 1.0 - August 17th, 2003
  13:D:/GitHub/XMC4700-Workspace/XMC4700_BAR_LED/Libraries/XMCLib/inc\xmc_gpio.h ****  *
  14:D:/GitHub/XMC4700-Workspace/XMC4700_BAR_LED/Libraries/XMCLib/inc\xmc_gpio.h ****  * Permission is hereby granted, free of charge, to any person or organization
  15:D:/GitHub/XMC4700-Workspace/XMC4700_BAR_LED/Libraries/XMCLib/inc\xmc_gpio.h ****  * obtaining a copy of the software and accompanying documentation covered by
  16:D:/GitHub/XMC4700-Workspace/XMC4700_BAR_LED/Libraries/XMCLib/inc\xmc_gpio.h ****  * this license (the "Software") to use, reproduce, display, distribute,
  17:D:/GitHub/XMC4700-Workspace/XMC4700_BAR_LED/Libraries/XMCLib/inc\xmc_gpio.h ****  * execute, and transmit the Software, and to prepare derivative works of the
  18:D:/GitHub/XMC4700-Workspace/XMC4700_BAR_LED/Libraries/XMCLib/inc\xmc_gpio.h ****  * Software, and to permit third-parties to whom the Software is furnished to
  19:D:/GitHub/XMC4700-Workspace/XMC4700_BAR_LED/Libraries/XMCLib/inc\xmc_gpio.h ****  * do so, all subject to the following:
  20:D:/GitHub/XMC4700-Workspace/XMC4700_BAR_LED/Libraries/XMCLib/inc\xmc_gpio.h ****  *
  21:D:/GitHub/XMC4700-Workspace/XMC4700_BAR_LED/Libraries/XMCLib/inc\xmc_gpio.h ****  * The copyright notices in the Software and this entire statement, including
  22:D:/GitHub/XMC4700-Workspace/XMC4700_BAR_LED/Libraries/XMCLib/inc\xmc_gpio.h ****  * the above license grant, this restriction and the following disclaimer,
  23:D:/GitHub/XMC4700-Workspace/XMC4700_BAR_LED/Libraries/XMCLib/inc\xmc_gpio.h ****  * must be included in all copies of the Software, in whole or in part, and
  24:D:/GitHub/XMC4700-Workspace/XMC4700_BAR_LED/Libraries/XMCLib/inc\xmc_gpio.h ****  * all derivative works of the Software, unless such copies or derivative
  25:D:/GitHub/XMC4700-Workspace/XMC4700_BAR_LED/Libraries/XMCLib/inc\xmc_gpio.h ****  * works are solely in the form of machine-executable object code generated by
  26:D:/GitHub/XMC4700-Workspace/XMC4700_BAR_LED/Libraries/XMCLib/inc\xmc_gpio.h ****  * a source language processor.
  27:D:/GitHub/XMC4700-Workspace/XMC4700_BAR_LED/Libraries/XMCLib/inc\xmc_gpio.h ****  *
  28:D:/GitHub/XMC4700-Workspace/XMC4700_BAR_LED/Libraries/XMCLib/inc\xmc_gpio.h ****  * THE SOFTWARE IS PROVIDED "AS IS", WITHOUT WARRANTY OF ANY KIND, EXPRESS OR
  29:D:/GitHub/XMC4700-Workspace/XMC4700_BAR_LED/Libraries/XMCLib/inc\xmc_gpio.h ****  * IMPLIED, INCLUDING BUT NOT LIMITED TO THE WARRANTIES OF MERCHANTABILITY,
  30:D:/GitHub/XMC4700-Workspace/XMC4700_BAR_LED/Libraries/XMCLib/inc\xmc_gpio.h ****  * FITNESS FOR A PARTICULAR PURPOSE, TITLE AND NON-INFRINGEMENT. IN NO EVENT
  31:D:/GitHub/XMC4700-Workspace/XMC4700_BAR_LED/Libraries/XMCLib/inc\xmc_gpio.h ****  * SHALL THE COPYRIGHT HOLDERS OR ANYONE DISTRIBUTING THE SOFTWARE BE LIABLE
  32:D:/GitHub/XMC4700-Workspace/XMC4700_BAR_LED/Libraries/XMCLib/inc\xmc_gpio.h ****  * FOR ANY DAMAGES OR OTHER LIABILITY, WHETHER IN CONTRACT, TORT OR OTHERWISE,
  33:D:/GitHub/XMC4700-Workspace/XMC4700_BAR_LED/Libraries/XMCLib/inc\xmc_gpio.h ****  * ARISING FROM, OUT OF OR IN CONNECTION WITH THE SOFTWARE OR THE USE OR OTHER
  34:D:/GitHub/XMC4700-Workspace/XMC4700_BAR_LED/Libraries/XMCLib/inc\xmc_gpio.h ****  * DEALINGS IN THE SOFTWARE.
  35:D:/GitHub/XMC4700-Workspace/XMC4700_BAR_LED/Libraries/XMCLib/inc\xmc_gpio.h ****  *
  36:D:/GitHub/XMC4700-Workspace/XMC4700_BAR_LED/Libraries/XMCLib/inc\xmc_gpio.h ****  * To improve the quality of the software, users are encouraged to share
  37:D:/GitHub/XMC4700-Workspace/XMC4700_BAR_LED/Libraries/XMCLib/inc\xmc_gpio.h ****  * modifications, enhancements or bug fixes with Infineon Technologies AG
  38:D:/GitHub/XMC4700-Workspace/XMC4700_BAR_LED/Libraries/XMCLib/inc\xmc_gpio.h ****  * at XMCSupport@infineon.com.
  39:D:/GitHub/XMC4700-Workspace/XMC4700_BAR_LED/Libraries/XMCLib/inc\xmc_gpio.h ****  *****************************************************************************
  40:D:/GitHub/XMC4700-Workspace/XMC4700_BAR_LED/Libraries/XMCLib/inc\xmc_gpio.h ****  *
  41:D:/GitHub/XMC4700-Workspace/XMC4700_BAR_LED/Libraries/XMCLib/inc\xmc_gpio.h ****  * Change History
  42:D:/GitHub/XMC4700-Workspace/XMC4700_BAR_LED/Libraries/XMCLib/inc\xmc_gpio.h ****  * --------------
  43:D:/GitHub/XMC4700-Workspace/XMC4700_BAR_LED/Libraries/XMCLib/inc\xmc_gpio.h ****  *
  44:D:/GitHub/XMC4700-Workspace/XMC4700_BAR_LED/Libraries/XMCLib/inc\xmc_gpio.h ****  * 2015-02-20:
  45:D:/GitHub/XMC4700-Workspace/XMC4700_BAR_LED/Libraries/XMCLib/inc\xmc_gpio.h ****  *     - Initial draft<br>
  46:D:/GitHub/XMC4700-Workspace/XMC4700_BAR_LED/Libraries/XMCLib/inc\xmc_gpio.h ****  *     - Documentation improved <br>
  47:D:/GitHub/XMC4700-Workspace/XMC4700_BAR_LED/Libraries/XMCLib/inc\xmc_gpio.h ****  *
  48:D:/GitHub/XMC4700-Workspace/XMC4700_BAR_LED/Libraries/XMCLib/inc\xmc_gpio.h ****  * 2015-06-20:
  49:D:/GitHub/XMC4700-Workspace/XMC4700_BAR_LED/Libraries/XMCLib/inc\xmc_gpio.h ****  *     - Removed version macros and declaration of GetDriverVersion API
  50:D:/GitHub/XMC4700-Workspace/XMC4700_BAR_LED/Libraries/XMCLib/inc\xmc_gpio.h ****  *
  51:D:/GitHub/XMC4700-Workspace/XMC4700_BAR_LED/Libraries/XMCLib/inc\xmc_gpio.h ****  * @endcond
  52:D:/GitHub/XMC4700-Workspace/XMC4700_BAR_LED/Libraries/XMCLib/inc\xmc_gpio.h ****  *
  53:D:/GitHub/XMC4700-Workspace/XMC4700_BAR_LED/Libraries/XMCLib/inc\xmc_gpio.h ****  */
  54:D:/GitHub/XMC4700-Workspace/XMC4700_BAR_LED/Libraries/XMCLib/inc\xmc_gpio.h **** 
  55:D:/GitHub/XMC4700-Workspace/XMC4700_BAR_LED/Libraries/XMCLib/inc\xmc_gpio.h **** #ifndef XMC_GPIO_H
  56:D:/GitHub/XMC4700-Workspace/XMC4700_BAR_LED/Libraries/XMCLib/inc\xmc_gpio.h **** #define XMC_GPIO_H
  57:D:/GitHub/XMC4700-Workspace/XMC4700_BAR_LED/Libraries/XMCLib/inc\xmc_gpio.h **** 
  58:D:/GitHub/XMC4700-Workspace/XMC4700_BAR_LED/Libraries/XMCLib/inc\xmc_gpio.h **** /**************************************************************************************************
  59:D:/GitHub/XMC4700-Workspace/XMC4700_BAR_LED/Libraries/XMCLib/inc\xmc_gpio.h ****  * HEADER FILES
  60:D:/GitHub/XMC4700-Workspace/XMC4700_BAR_LED/Libraries/XMCLib/inc\xmc_gpio.h ****  **************************************************************************************************
  61:D:/GitHub/XMC4700-Workspace/XMC4700_BAR_LED/Libraries/XMCLib/inc\xmc_gpio.h **** 
  62:D:/GitHub/XMC4700-Workspace/XMC4700_BAR_LED/Libraries/XMCLib/inc\xmc_gpio.h **** #include "xmc_common.h"
  63:D:/GitHub/XMC4700-Workspace/XMC4700_BAR_LED/Libraries/XMCLib/inc\xmc_gpio.h **** 
  64:D:/GitHub/XMC4700-Workspace/XMC4700_BAR_LED/Libraries/XMCLib/inc\xmc_gpio.h **** /**
  65:D:/GitHub/XMC4700-Workspace/XMC4700_BAR_LED/Libraries/XMCLib/inc\xmc_gpio.h ****  * @addtogroup XMClib XMC Peripheral Library
  66:D:/GitHub/XMC4700-Workspace/XMC4700_BAR_LED/Libraries/XMCLib/inc\xmc_gpio.h ****  * @{
  67:D:/GitHub/XMC4700-Workspace/XMC4700_BAR_LED/Libraries/XMCLib/inc\xmc_gpio.h ****  */
  68:D:/GitHub/XMC4700-Workspace/XMC4700_BAR_LED/Libraries/XMCLib/inc\xmc_gpio.h **** 
  69:D:/GitHub/XMC4700-Workspace/XMC4700_BAR_LED/Libraries/XMCLib/inc\xmc_gpio.h **** /**
  70:D:/GitHub/XMC4700-Workspace/XMC4700_BAR_LED/Libraries/XMCLib/inc\xmc_gpio.h ****  * @addtogroup GPIO
  71:D:/GitHub/XMC4700-Workspace/XMC4700_BAR_LED/Libraries/XMCLib/inc\xmc_gpio.h ****  * @brief General Purpose Input Output (GPIO) driver for the XMC microcontroller family.
  72:D:/GitHub/XMC4700-Workspace/XMC4700_BAR_LED/Libraries/XMCLib/inc\xmc_gpio.h ****  *
  73:D:/GitHub/XMC4700-Workspace/XMC4700_BAR_LED/Libraries/XMCLib/inc\xmc_gpio.h ****  * GPIO driver provide a generic and very flexible software interface for all standard digital I/O 
  74:D:/GitHub/XMC4700-Workspace/XMC4700_BAR_LED/Libraries/XMCLib/inc\xmc_gpio.h ****  * Each port slice has individual interfaces for the operation as General Purpose I/O and it furthe
  75:D:/GitHub/XMC4700-Workspace/XMC4700_BAR_LED/Libraries/XMCLib/inc\xmc_gpio.h ****  * connectivity to the on-chip periphery and the control for the pad characteristics.
  76:D:/GitHub/XMC4700-Workspace/XMC4700_BAR_LED/Libraries/XMCLib/inc\xmc_gpio.h ****  *
  77:D:/GitHub/XMC4700-Workspace/XMC4700_BAR_LED/Libraries/XMCLib/inc\xmc_gpio.h ****  * The driver is divided into Input and Output mode.
  78:D:/GitHub/XMC4700-Workspace/XMC4700_BAR_LED/Libraries/XMCLib/inc\xmc_gpio.h ****  *
  79:D:/GitHub/XMC4700-Workspace/XMC4700_BAR_LED/Libraries/XMCLib/inc\xmc_gpio.h ****  * Input mode features:
  80:D:/GitHub/XMC4700-Workspace/XMC4700_BAR_LED/Libraries/XMCLib/inc\xmc_gpio.h ****  * -# Configuration structure XMC_GPIO_CONFIG_t and initialization function XMC_GPIO_Init()
  81:D:/GitHub/XMC4700-Workspace/XMC4700_BAR_LED/Libraries/XMCLib/inc\xmc_gpio.h ****  * -# Allows the selection of weak pull-up or pull-down device. Configuration structure XMC_GPIO_MO
  82:D:/GitHub/XMC4700-Workspace/XMC4700_BAR_LED/Libraries/XMCLib/inc\xmc_gpio.h ****  * \if XMC1
  83:D:/GitHub/XMC4700-Workspace/XMC4700_BAR_LED/Libraries/XMCLib/inc\xmc_gpio.h ****  * -# Allows the selection of input hysteresis. XMC_GPIO_SetInputHysteresis()
  84:D:/GitHub/XMC4700-Workspace/XMC4700_BAR_LED/Libraries/XMCLib/inc\xmc_gpio.h ****  * \endif
  85:D:/GitHub/XMC4700-Workspace/XMC4700_BAR_LED/Libraries/XMCLib/inc\xmc_gpio.h ****  *
  86:D:/GitHub/XMC4700-Workspace/XMC4700_BAR_LED/Libraries/XMCLib/inc\xmc_gpio.h ****  *
  87:D:/GitHub/XMC4700-Workspace/XMC4700_BAR_LED/Libraries/XMCLib/inc\xmc_gpio.h ****  * Output mode features:
  88:D:/GitHub/XMC4700-Workspace/XMC4700_BAR_LED/Libraries/XMCLib/inc\xmc_gpio.h ****  * -# Allows the selection of push pull/open drain and Alternate output. Configuration structure XM
  89:D:/GitHub/XMC4700-Workspace/XMC4700_BAR_LED/Libraries/XMCLib/inc\xmc_gpio.h ****  * \if XMC4
  90:D:/GitHub/XMC4700-Workspace/XMC4700_BAR_LED/Libraries/XMCLib/inc\xmc_gpio.h ****  * -# Allows the selection of pad driver strength. Configuration structure XMC_GPIO_OUTPUT_STRENGTH
  91:D:/GitHub/XMC4700-Workspace/XMC4700_BAR_LED/Libraries/XMCLib/inc\xmc_gpio.h ****  * \endif
  92:D:/GitHub/XMC4700-Workspace/XMC4700_BAR_LED/Libraries/XMCLib/inc\xmc_gpio.h ****  *
  93:D:/GitHub/XMC4700-Workspace/XMC4700_BAR_LED/Libraries/XMCLib/inc\xmc_gpio.h ****  * -# Allows the selection of initial output level. Configuration structure XMC_GPIO_OUTPUT_LEVEL_t
  94:D:/GitHub/XMC4700-Workspace/XMC4700_BAR_LED/Libraries/XMCLib/inc\xmc_gpio.h ****  *
  95:D:/GitHub/XMC4700-Workspace/XMC4700_BAR_LED/Libraries/XMCLib/inc\xmc_gpio.h ****  *@{
  96:D:/GitHub/XMC4700-Workspace/XMC4700_BAR_LED/Libraries/XMCLib/inc\xmc_gpio.h ****  */
  97:D:/GitHub/XMC4700-Workspace/XMC4700_BAR_LED/Libraries/XMCLib/inc\xmc_gpio.h **** 
  98:D:/GitHub/XMC4700-Workspace/XMC4700_BAR_LED/Libraries/XMCLib/inc\xmc_gpio.h **** /**************************************************************************************************
  99:D:/GitHub/XMC4700-Workspace/XMC4700_BAR_LED/Libraries/XMCLib/inc\xmc_gpio.h ****  * MACROS
 100:D:/GitHub/XMC4700-Workspace/XMC4700_BAR_LED/Libraries/XMCLib/inc\xmc_gpio.h ****  **************************************************************************************************
 101:D:/GitHub/XMC4700-Workspace/XMC4700_BAR_LED/Libraries/XMCLib/inc\xmc_gpio.h **** 
 102:D:/GitHub/XMC4700-Workspace/XMC4700_BAR_LED/Libraries/XMCLib/inc\xmc_gpio.h **** #define PORT_IOCR_PC_Pos PORT0_IOCR0_PC0_Pos
 103:D:/GitHub/XMC4700-Workspace/XMC4700_BAR_LED/Libraries/XMCLib/inc\xmc_gpio.h **** #define PORT_IOCR_PC_Msk PORT0_IOCR0_PC0_Msk
 104:D:/GitHub/XMC4700-Workspace/XMC4700_BAR_LED/Libraries/XMCLib/inc\xmc_gpio.h **** 
 105:D:/GitHub/XMC4700-Workspace/XMC4700_BAR_LED/Libraries/XMCLib/inc\xmc_gpio.h **** #define PORT_IOCR_PC_Size 				(8U)
 106:D:/GitHub/XMC4700-Workspace/XMC4700_BAR_LED/Libraries/XMCLib/inc\xmc_gpio.h **** 
 107:D:/GitHub/XMC4700-Workspace/XMC4700_BAR_LED/Libraries/XMCLib/inc\xmc_gpio.h **** 
 108:D:/GitHub/XMC4700-Workspace/XMC4700_BAR_LED/Libraries/XMCLib/inc\xmc_gpio.h **** #define XMC_GPIO_CHECK_OUTPUT_LEVEL(level) ((level == XMC_GPIO_OUTPUT_LEVEL_LOW) || \
 109:D:/GitHub/XMC4700-Workspace/XMC4700_BAR_LED/Libraries/XMCLib/inc\xmc_gpio.h ****                                             (level == XMC_GPIO_OUTPUT_LEVEL_HIGH))
 110:D:/GitHub/XMC4700-Workspace/XMC4700_BAR_LED/Libraries/XMCLib/inc\xmc_gpio.h **** 
 111:D:/GitHub/XMC4700-Workspace/XMC4700_BAR_LED/Libraries/XMCLib/inc\xmc_gpio.h **** #define XMC_GPIO_CHECK_HWCTRL(hwctrl) ((hwctrl == XMC_GPIO_HWCTRL_DISABLED) || \
 112:D:/GitHub/XMC4700-Workspace/XMC4700_BAR_LED/Libraries/XMCLib/inc\xmc_gpio.h ****                                        (hwctrl == XMC_GPIO_HWCTRL_PERIPHERAL1) || \
 113:D:/GitHub/XMC4700-Workspace/XMC4700_BAR_LED/Libraries/XMCLib/inc\xmc_gpio.h ****                                        (hwctrl == XMC_GPIO_HWCTRL_PERIPHERAL2))
 114:D:/GitHub/XMC4700-Workspace/XMC4700_BAR_LED/Libraries/XMCLib/inc\xmc_gpio.h **** 
 115:D:/GitHub/XMC4700-Workspace/XMC4700_BAR_LED/Libraries/XMCLib/inc\xmc_gpio.h **** /**************************************************************************************************
 116:D:/GitHub/XMC4700-Workspace/XMC4700_BAR_LED/Libraries/XMCLib/inc\xmc_gpio.h ****  * ENUMS
 117:D:/GitHub/XMC4700-Workspace/XMC4700_BAR_LED/Libraries/XMCLib/inc\xmc_gpio.h ****  **************************************************************************************************
 118:D:/GitHub/XMC4700-Workspace/XMC4700_BAR_LED/Libraries/XMCLib/inc\xmc_gpio.h **** 
 119:D:/GitHub/XMC4700-Workspace/XMC4700_BAR_LED/Libraries/XMCLib/inc\xmc_gpio.h **** 
 120:D:/GitHub/XMC4700-Workspace/XMC4700_BAR_LED/Libraries/XMCLib/inc\xmc_gpio.h **** /**
 121:D:/GitHub/XMC4700-Workspace/XMC4700_BAR_LED/Libraries/XMCLib/inc\xmc_gpio.h ****  * Defines output level of a pin. Use type \a XMC_GPIO_OUTPUT_LEVEL_t for this enum.
 122:D:/GitHub/XMC4700-Workspace/XMC4700_BAR_LED/Libraries/XMCLib/inc\xmc_gpio.h ****  */
 123:D:/GitHub/XMC4700-Workspace/XMC4700_BAR_LED/Libraries/XMCLib/inc\xmc_gpio.h **** typedef enum XMC_GPIO_OUTPUT_LEVEL
 124:D:/GitHub/XMC4700-Workspace/XMC4700_BAR_LED/Libraries/XMCLib/inc\xmc_gpio.h **** {
 125:D:/GitHub/XMC4700-Workspace/XMC4700_BAR_LED/Libraries/XMCLib/inc\xmc_gpio.h ****   XMC_GPIO_OUTPUT_LEVEL_LOW  = 0x10000U, /**<  Reset bit */
 126:D:/GitHub/XMC4700-Workspace/XMC4700_BAR_LED/Libraries/XMCLib/inc\xmc_gpio.h ****   XMC_GPIO_OUTPUT_LEVEL_HIGH = 0x1U, 	/**< Set bit  */
 127:D:/GitHub/XMC4700-Workspace/XMC4700_BAR_LED/Libraries/XMCLib/inc\xmc_gpio.h **** } XMC_GPIO_OUTPUT_LEVEL_t;
 128:D:/GitHub/XMC4700-Workspace/XMC4700_BAR_LED/Libraries/XMCLib/inc\xmc_gpio.h **** 
 129:D:/GitHub/XMC4700-Workspace/XMC4700_BAR_LED/Libraries/XMCLib/inc\xmc_gpio.h **** /**
 130:D:/GitHub/XMC4700-Workspace/XMC4700_BAR_LED/Libraries/XMCLib/inc\xmc_gpio.h ****  * Defines direct hardware control characteristics of the pin . Use type \a XMC_GPIO_HWCTRL_t for t
 131:D:/GitHub/XMC4700-Workspace/XMC4700_BAR_LED/Libraries/XMCLib/inc\xmc_gpio.h ****  */
 132:D:/GitHub/XMC4700-Workspace/XMC4700_BAR_LED/Libraries/XMCLib/inc\xmc_gpio.h **** typedef enum XMC_GPIO_HWCTRL
 133:D:/GitHub/XMC4700-Workspace/XMC4700_BAR_LED/Libraries/XMCLib/inc\xmc_gpio.h **** {
 134:D:/GitHub/XMC4700-Workspace/XMC4700_BAR_LED/Libraries/XMCLib/inc\xmc_gpio.h ****   XMC_GPIO_HWCTRL_DISABLED     = 0x0U, /**<  Software control only */
 135:D:/GitHub/XMC4700-Workspace/XMC4700_BAR_LED/Libraries/XMCLib/inc\xmc_gpio.h ****   XMC_GPIO_HWCTRL_PERIPHERAL1  = 0x1U, /**<  HWI0/HWO0 control path can override the software confi
 136:D:/GitHub/XMC4700-Workspace/XMC4700_BAR_LED/Libraries/XMCLib/inc\xmc_gpio.h ****   XMC_GPIO_HWCTRL_PERIPHERAL2  = 0x2U  /**<  HWI1/HWO1 control path can override the software confi
 137:D:/GitHub/XMC4700-Workspace/XMC4700_BAR_LED/Libraries/XMCLib/inc\xmc_gpio.h **** } XMC_GPIO_HWCTRL_t;
 138:D:/GitHub/XMC4700-Workspace/XMC4700_BAR_LED/Libraries/XMCLib/inc\xmc_gpio.h **** 
 139:D:/GitHub/XMC4700-Workspace/XMC4700_BAR_LED/Libraries/XMCLib/inc\xmc_gpio.h **** /**************************************************************************************************
 140:D:/GitHub/XMC4700-Workspace/XMC4700_BAR_LED/Libraries/XMCLib/inc\xmc_gpio.h ****  * DEVICE FAMILY EXTENSIONS
 141:D:/GitHub/XMC4700-Workspace/XMC4700_BAR_LED/Libraries/XMCLib/inc\xmc_gpio.h ****  **************************************************************************************************
 142:D:/GitHub/XMC4700-Workspace/XMC4700_BAR_LED/Libraries/XMCLib/inc\xmc_gpio.h **** 
 143:D:/GitHub/XMC4700-Workspace/XMC4700_BAR_LED/Libraries/XMCLib/inc\xmc_gpio.h **** #if UC_FAMILY == XMC1
 144:D:/GitHub/XMC4700-Workspace/XMC4700_BAR_LED/Libraries/XMCLib/inc\xmc_gpio.h **** #include "xmc1_gpio.h"
 145:D:/GitHub/XMC4700-Workspace/XMC4700_BAR_LED/Libraries/XMCLib/inc\xmc_gpio.h **** #elif UC_FAMILY == XMC4
 146:D:/GitHub/XMC4700-Workspace/XMC4700_BAR_LED/Libraries/XMCLib/inc\xmc_gpio.h **** #include "xmc4_gpio.h"
 147:D:/GitHub/XMC4700-Workspace/XMC4700_BAR_LED/Libraries/XMCLib/inc\xmc_gpio.h **** #else
 148:D:/GitHub/XMC4700-Workspace/XMC4700_BAR_LED/Libraries/XMCLib/inc\xmc_gpio.h **** #error "xmc_gpio.h: family device not supported"
 149:D:/GitHub/XMC4700-Workspace/XMC4700_BAR_LED/Libraries/XMCLib/inc\xmc_gpio.h **** #endif
 150:D:/GitHub/XMC4700-Workspace/XMC4700_BAR_LED/Libraries/XMCLib/inc\xmc_gpio.h **** 
 151:D:/GitHub/XMC4700-Workspace/XMC4700_BAR_LED/Libraries/XMCLib/inc\xmc_gpio.h **** /**************************************************************************************************
 152:D:/GitHub/XMC4700-Workspace/XMC4700_BAR_LED/Libraries/XMCLib/inc\xmc_gpio.h ****  * API PROTOTYPES
 153:D:/GitHub/XMC4700-Workspace/XMC4700_BAR_LED/Libraries/XMCLib/inc\xmc_gpio.h ****  **************************************************************************************************
 154:D:/GitHub/XMC4700-Workspace/XMC4700_BAR_LED/Libraries/XMCLib/inc\xmc_gpio.h **** 
 155:D:/GitHub/XMC4700-Workspace/XMC4700_BAR_LED/Libraries/XMCLib/inc\xmc_gpio.h **** #ifdef __cplusplus
 156:D:/GitHub/XMC4700-Workspace/XMC4700_BAR_LED/Libraries/XMCLib/inc\xmc_gpio.h **** extern "C" {
 157:D:/GitHub/XMC4700-Workspace/XMC4700_BAR_LED/Libraries/XMCLib/inc\xmc_gpio.h **** #endif
 158:D:/GitHub/XMC4700-Workspace/XMC4700_BAR_LED/Libraries/XMCLib/inc\xmc_gpio.h **** 
 159:D:/GitHub/XMC4700-Workspace/XMC4700_BAR_LED/Libraries/XMCLib/inc\xmc_gpio.h **** 
 160:D:/GitHub/XMC4700-Workspace/XMC4700_BAR_LED/Libraries/XMCLib/inc\xmc_gpio.h **** /**
 161:D:/GitHub/XMC4700-Workspace/XMC4700_BAR_LED/Libraries/XMCLib/inc\xmc_gpio.h ****  * @param  port	  Constant pointer pointing to GPIO port, to access port registers like Pn_OUT,Pn_O
 162:D:/GitHub/XMC4700-Workspace/XMC4700_BAR_LED/Libraries/XMCLib/inc\xmc_gpio.h ****  * @param  pin	  Port pin number.
 163:D:/GitHub/XMC4700-Workspace/XMC4700_BAR_LED/Libraries/XMCLib/inc\xmc_gpio.h ****  * @param  config GPIO configuration data structure. Refer data structure @ref XMC_GPIO_CONFIG_t fo
 164:D:/GitHub/XMC4700-Workspace/XMC4700_BAR_LED/Libraries/XMCLib/inc\xmc_gpio.h ****  *
 165:D:/GitHub/XMC4700-Workspace/XMC4700_BAR_LED/Libraries/XMCLib/inc\xmc_gpio.h ****  * @return None
 166:D:/GitHub/XMC4700-Workspace/XMC4700_BAR_LED/Libraries/XMCLib/inc\xmc_gpio.h ****  *
 167:D:/GitHub/XMC4700-Workspace/XMC4700_BAR_LED/Libraries/XMCLib/inc\xmc_gpio.h ****  * \par<b>Description:</b><br>
 168:D:/GitHub/XMC4700-Workspace/XMC4700_BAR_LED/Libraries/XMCLib/inc\xmc_gpio.h ****  * \if XMC1
 169:D:/GitHub/XMC4700-Workspace/XMC4700_BAR_LED/Libraries/XMCLib/inc\xmc_gpio.h ****  * Initializes input / output mode settings like, pull up / pull down devices,hysteresis, push pull
 170:D:/GitHub/XMC4700-Workspace/XMC4700_BAR_LED/Libraries/XMCLib/inc\xmc_gpio.h ****  * Also configures alternate function outputs and clears hardware port control for a selected \a po
 171:D:/GitHub/XMC4700-Workspace/XMC4700_BAR_LED/Libraries/XMCLib/inc\xmc_gpio.h ****  * \a config provides selected I/O settings. It configures hardware registers Pn_IOCR,Pn_OUT, Pn_OM
 172:D:/GitHub/XMC4700-Workspace/XMC4700_BAR_LED/Libraries/XMCLib/inc\xmc_gpio.h ****  * \endif
 173:D:/GitHub/XMC4700-Workspace/XMC4700_BAR_LED/Libraries/XMCLib/inc\xmc_gpio.h ****  * \if XMC4
 174:D:/GitHub/XMC4700-Workspace/XMC4700_BAR_LED/Libraries/XMCLib/inc\xmc_gpio.h ****  * Initializes input / output mode settings like, pull up / pull down devices,push pull /open drain
 175:D:/GitHub/XMC4700-Workspace/XMC4700_BAR_LED/Libraries/XMCLib/inc\xmc_gpio.h ****  * Also configures alternate function outputs and clears hardware port control for selected \a port
 176:D:/GitHub/XMC4700-Workspace/XMC4700_BAR_LED/Libraries/XMCLib/inc\xmc_gpio.h ****  * It configures hardware registers Pn_IOCR,Pn_OUT,Pn_OMR,Pn_PDISC and Pn_PDR.\n
 177:D:/GitHub/XMC4700-Workspace/XMC4700_BAR_LED/Libraries/XMCLib/inc\xmc_gpio.h ****  * \endif
 178:D:/GitHub/XMC4700-Workspace/XMC4700_BAR_LED/Libraries/XMCLib/inc\xmc_gpio.h ****  *
 179:D:/GitHub/XMC4700-Workspace/XMC4700_BAR_LED/Libraries/XMCLib/inc\xmc_gpio.h ****  * \par<b>Related APIs:</b><BR>
 180:D:/GitHub/XMC4700-Workspace/XMC4700_BAR_LED/Libraries/XMCLib/inc\xmc_gpio.h ****  *  None
 181:D:/GitHub/XMC4700-Workspace/XMC4700_BAR_LED/Libraries/XMCLib/inc\xmc_gpio.h ****  *
 182:D:/GitHub/XMC4700-Workspace/XMC4700_BAR_LED/Libraries/XMCLib/inc\xmc_gpio.h ****  * \par<b>Note:</b><br>
 183:D:/GitHub/XMC4700-Workspace/XMC4700_BAR_LED/Libraries/XMCLib/inc\xmc_gpio.h ****  * This API is called in definition of DAVE_init by code generation and therefore should not be exp
 184:D:/GitHub/XMC4700-Workspace/XMC4700_BAR_LED/Libraries/XMCLib/inc\xmc_gpio.h ****  * for the normal operation. Use other APIs only after DAVE_init is called successfully (returns DA
 185:D:/GitHub/XMC4700-Workspace/XMC4700_BAR_LED/Libraries/XMCLib/inc\xmc_gpio.h ****  *
 186:D:/GitHub/XMC4700-Workspace/XMC4700_BAR_LED/Libraries/XMCLib/inc\xmc_gpio.h ****  *
 187:D:/GitHub/XMC4700-Workspace/XMC4700_BAR_LED/Libraries/XMCLib/inc\xmc_gpio.h ****  */
 188:D:/GitHub/XMC4700-Workspace/XMC4700_BAR_LED/Libraries/XMCLib/inc\xmc_gpio.h **** 
 189:D:/GitHub/XMC4700-Workspace/XMC4700_BAR_LED/Libraries/XMCLib/inc\xmc_gpio.h **** 
 190:D:/GitHub/XMC4700-Workspace/XMC4700_BAR_LED/Libraries/XMCLib/inc\xmc_gpio.h **** void XMC_GPIO_Init(XMC_GPIO_PORT_t *const port, const uint8_t pin, const XMC_GPIO_CONFIG_t *const c
 191:D:/GitHub/XMC4700-Workspace/XMC4700_BAR_LED/Libraries/XMCLib/inc\xmc_gpio.h **** 
 192:D:/GitHub/XMC4700-Workspace/XMC4700_BAR_LED/Libraries/XMCLib/inc\xmc_gpio.h **** /**
 193:D:/GitHub/XMC4700-Workspace/XMC4700_BAR_LED/Libraries/XMCLib/inc\xmc_gpio.h ****  *
 194:D:/GitHub/XMC4700-Workspace/XMC4700_BAR_LED/Libraries/XMCLib/inc\xmc_gpio.h ****  * @param  port	Constant pointer pointing to GPIO port, to access hardware register Pn_IOCR.
 195:D:/GitHub/XMC4700-Workspace/XMC4700_BAR_LED/Libraries/XMCLib/inc\xmc_gpio.h ****  * @param  pin	Port pin number.
 196:D:/GitHub/XMC4700-Workspace/XMC4700_BAR_LED/Libraries/XMCLib/inc\xmc_gpio.h ****  * @param  mode input / output functionality selection. Refer @ref XMC_GPIO_MODE_t for valid values
 197:D:/GitHub/XMC4700-Workspace/XMC4700_BAR_LED/Libraries/XMCLib/inc\xmc_gpio.h ****  *
 198:D:/GitHub/XMC4700-Workspace/XMC4700_BAR_LED/Libraries/XMCLib/inc\xmc_gpio.h ****  * @return None
 199:D:/GitHub/XMC4700-Workspace/XMC4700_BAR_LED/Libraries/XMCLib/inc\xmc_gpio.h ****  *
 200:D:/GitHub/XMC4700-Workspace/XMC4700_BAR_LED/Libraries/XMCLib/inc\xmc_gpio.h ****  * \par<b>Description:</b><br>
 201:D:/GitHub/XMC4700-Workspace/XMC4700_BAR_LED/Libraries/XMCLib/inc\xmc_gpio.h ****  * Sets digital input and output driver functionality and characteristics of a GPIO port pin. It co
 202:D:/GitHub/XMC4700-Workspace/XMC4700_BAR_LED/Libraries/XMCLib/inc\xmc_gpio.h ****  * registers Pn_IOCR. \a mode is initially configured during initialization in XMC_GPIO_Init(). Cal
 203:D:/GitHub/XMC4700-Workspace/XMC4700_BAR_LED/Libraries/XMCLib/inc\xmc_gpio.h ****  * the port direction functionality as needed later in the program.
 204:D:/GitHub/XMC4700-Workspace/XMC4700_BAR_LED/Libraries/XMCLib/inc\xmc_gpio.h ****  *
 205:D:/GitHub/XMC4700-Workspace/XMC4700_BAR_LED/Libraries/XMCLib/inc\xmc_gpio.h ****  * \par<b>Related APIs:</b><BR>
 206:D:/GitHub/XMC4700-Workspace/XMC4700_BAR_LED/Libraries/XMCLib/inc\xmc_gpio.h ****  *  None
 207:D:/GitHub/XMC4700-Workspace/XMC4700_BAR_LED/Libraries/XMCLib/inc\xmc_gpio.h ****  *
 208:D:/GitHub/XMC4700-Workspace/XMC4700_BAR_LED/Libraries/XMCLib/inc\xmc_gpio.h ****  */
 209:D:/GitHub/XMC4700-Workspace/XMC4700_BAR_LED/Libraries/XMCLib/inc\xmc_gpio.h **** 
 210:D:/GitHub/XMC4700-Workspace/XMC4700_BAR_LED/Libraries/XMCLib/inc\xmc_gpio.h **** void XMC_GPIO_SetMode(XMC_GPIO_PORT_t *const port, const uint8_t pin, const XMC_GPIO_MODE_t mode);
 211:D:/GitHub/XMC4700-Workspace/XMC4700_BAR_LED/Libraries/XMCLib/inc\xmc_gpio.h **** 
 212:D:/GitHub/XMC4700-Workspace/XMC4700_BAR_LED/Libraries/XMCLib/inc\xmc_gpio.h **** 
 213:D:/GitHub/XMC4700-Workspace/XMC4700_BAR_LED/Libraries/XMCLib/inc\xmc_gpio.h **** /**
 214:D:/GitHub/XMC4700-Workspace/XMC4700_BAR_LED/Libraries/XMCLib/inc\xmc_gpio.h ****  *
 215:D:/GitHub/XMC4700-Workspace/XMC4700_BAR_LED/Libraries/XMCLib/inc\xmc_gpio.h ****  * @param  port	 Constant pointer pointing to GPIO port, to access hardware register Pn_OMR.
 216:D:/GitHub/XMC4700-Workspace/XMC4700_BAR_LED/Libraries/XMCLib/inc\xmc_gpio.h ****  * @param  pin	 Port pin number.
 217:D:/GitHub/XMC4700-Workspace/XMC4700_BAR_LED/Libraries/XMCLib/inc\xmc_gpio.h ****  * @param  level output level selection. Refer @ref XMC_GPIO_OUTPUT_LEVEL_t for valid values.
 218:D:/GitHub/XMC4700-Workspace/XMC4700_BAR_LED/Libraries/XMCLib/inc\xmc_gpio.h ****  *
 219:D:/GitHub/XMC4700-Workspace/XMC4700_BAR_LED/Libraries/XMCLib/inc\xmc_gpio.h ****  * @return None
 220:D:/GitHub/XMC4700-Workspace/XMC4700_BAR_LED/Libraries/XMCLib/inc\xmc_gpio.h ****  *
 221:D:/GitHub/XMC4700-Workspace/XMC4700_BAR_LED/Libraries/XMCLib/inc\xmc_gpio.h ****  * \par<b>Description:</b><br>
 222:D:/GitHub/XMC4700-Workspace/XMC4700_BAR_LED/Libraries/XMCLib/inc\xmc_gpio.h ****  * Set port pin output level to high or low.It configures hardware registers Pn_OMR.\a level is ini
 223:D:/GitHub/XMC4700-Workspace/XMC4700_BAR_LED/Libraries/XMCLib/inc\xmc_gpio.h ****  * configured during initialization in XMC_GPIO_Init(). Call this API to alter output level as need
 224:D:/GitHub/XMC4700-Workspace/XMC4700_BAR_LED/Libraries/XMCLib/inc\xmc_gpio.h ****  *
 225:D:/GitHub/XMC4700-Workspace/XMC4700_BAR_LED/Libraries/XMCLib/inc\xmc_gpio.h ****  * \par<b>Related APIs:</b><BR>
 226:D:/GitHub/XMC4700-Workspace/XMC4700_BAR_LED/Libraries/XMCLib/inc\xmc_gpio.h ****  *  XMC_GPIO_SetOutputHigh(), XMC_GPIO_SetOutputLow().
 227:D:/GitHub/XMC4700-Workspace/XMC4700_BAR_LED/Libraries/XMCLib/inc\xmc_gpio.h ****  *
 228:D:/GitHub/XMC4700-Workspace/XMC4700_BAR_LED/Libraries/XMCLib/inc\xmc_gpio.h ****  * \par<b>Note:</b><br>
 229:D:/GitHub/XMC4700-Workspace/XMC4700_BAR_LED/Libraries/XMCLib/inc\xmc_gpio.h ****  * Prior to this api, user has to configure port pin to output mode using XMC_GPIO_SetMode().
 230:D:/GitHub/XMC4700-Workspace/XMC4700_BAR_LED/Libraries/XMCLib/inc\xmc_gpio.h ****  *
 231:D:/GitHub/XMC4700-Workspace/XMC4700_BAR_LED/Libraries/XMCLib/inc\xmc_gpio.h ****  */
 232:D:/GitHub/XMC4700-Workspace/XMC4700_BAR_LED/Libraries/XMCLib/inc\xmc_gpio.h **** 
 233:D:/GitHub/XMC4700-Workspace/XMC4700_BAR_LED/Libraries/XMCLib/inc\xmc_gpio.h **** 
 234:D:/GitHub/XMC4700-Workspace/XMC4700_BAR_LED/Libraries/XMCLib/inc\xmc_gpio.h **** __STATIC_INLINE void XMC_GPIO_SetOutputLevel(XMC_GPIO_PORT_t *const port, const uint8_t pin, const 
 235:D:/GitHub/XMC4700-Workspace/XMC4700_BAR_LED/Libraries/XMCLib/inc\xmc_gpio.h **** {
 236:D:/GitHub/XMC4700-Workspace/XMC4700_BAR_LED/Libraries/XMCLib/inc\xmc_gpio.h ****   XMC_ASSERT("XMC_GPIO_SetOutputLevel: Invalid port", XMC_GPIO_CHECK_OUTPUT_PORT(port));
 237:D:/GitHub/XMC4700-Workspace/XMC4700_BAR_LED/Libraries/XMCLib/inc\xmc_gpio.h ****   XMC_ASSERT("XMC_GPIO_SetOutputLevel: Invalid output level", XMC_GPIO_CHECK_OUTPUT_LEVEL(level));
 238:D:/GitHub/XMC4700-Workspace/XMC4700_BAR_LED/Libraries/XMCLib/inc\xmc_gpio.h **** 
 239:D:/GitHub/XMC4700-Workspace/XMC4700_BAR_LED/Libraries/XMCLib/inc\xmc_gpio.h ****   port->OMR = (uint32_t)level << pin;
 240:D:/GitHub/XMC4700-Workspace/XMC4700_BAR_LED/Libraries/XMCLib/inc\xmc_gpio.h **** }
 241:D:/GitHub/XMC4700-Workspace/XMC4700_BAR_LED/Libraries/XMCLib/inc\xmc_gpio.h **** 
 242:D:/GitHub/XMC4700-Workspace/XMC4700_BAR_LED/Libraries/XMCLib/inc\xmc_gpio.h **** 
 243:D:/GitHub/XMC4700-Workspace/XMC4700_BAR_LED/Libraries/XMCLib/inc\xmc_gpio.h **** /**
 244:D:/GitHub/XMC4700-Workspace/XMC4700_BAR_LED/Libraries/XMCLib/inc\xmc_gpio.h ****  * @param  port constant pointer pointing to GPIO port, to access hardware register Pn_OMR.
 245:D:/GitHub/XMC4700-Workspace/XMC4700_BAR_LED/Libraries/XMCLib/inc\xmc_gpio.h ****  * @param  pin	Port pin number.
 246:D:/GitHub/XMC4700-Workspace/XMC4700_BAR_LED/Libraries/XMCLib/inc\xmc_gpio.h ****  *
 247:D:/GitHub/XMC4700-Workspace/XMC4700_BAR_LED/Libraries/XMCLib/inc\xmc_gpio.h ****  * @return None
 248:D:/GitHub/XMC4700-Workspace/XMC4700_BAR_LED/Libraries/XMCLib/inc\xmc_gpio.h ****  *
 249:D:/GitHub/XMC4700-Workspace/XMC4700_BAR_LED/Libraries/XMCLib/inc\xmc_gpio.h ****  * \par<b>Description:</b><br>
 250:D:/GitHub/XMC4700-Workspace/XMC4700_BAR_LED/Libraries/XMCLib/inc\xmc_gpio.h ****  *  Sets port pin output to high. It configures hardware registers Pn_OMR.
 251:D:/GitHub/XMC4700-Workspace/XMC4700_BAR_LED/Libraries/XMCLib/inc\xmc_gpio.h ****  *
 252:D:/GitHub/XMC4700-Workspace/XMC4700_BAR_LED/Libraries/XMCLib/inc\xmc_gpio.h ****  *  \par<b>Related APIs:</b><BR>
 253:D:/GitHub/XMC4700-Workspace/XMC4700_BAR_LED/Libraries/XMCLib/inc\xmc_gpio.h ****  *  XMC_GPIO_SetOutputLow()
 254:D:/GitHub/XMC4700-Workspace/XMC4700_BAR_LED/Libraries/XMCLib/inc\xmc_gpio.h ****  *
 255:D:/GitHub/XMC4700-Workspace/XMC4700_BAR_LED/Libraries/XMCLib/inc\xmc_gpio.h ****  * \par<b>Note:</b><br>
 256:D:/GitHub/XMC4700-Workspace/XMC4700_BAR_LED/Libraries/XMCLib/inc\xmc_gpio.h ****  * Prior to this api, user has to configure port pin to output mode using XMC_GPIO_SetMode().\n
 257:D:/GitHub/XMC4700-Workspace/XMC4700_BAR_LED/Libraries/XMCLib/inc\xmc_gpio.h ****  * Register Pn_OMR is virtual and does not contain any flip-flop. A read action delivers the value 
 258:D:/GitHub/XMC4700-Workspace/XMC4700_BAR_LED/Libraries/XMCLib/inc\xmc_gpio.h ****  *
 259:D:/GitHub/XMC4700-Workspace/XMC4700_BAR_LED/Libraries/XMCLib/inc\xmc_gpio.h ****  */
 260:D:/GitHub/XMC4700-Workspace/XMC4700_BAR_LED/Libraries/XMCLib/inc\xmc_gpio.h **** 
 261:D:/GitHub/XMC4700-Workspace/XMC4700_BAR_LED/Libraries/XMCLib/inc\xmc_gpio.h **** __STATIC_INLINE void XMC_GPIO_SetOutputHigh(XMC_GPIO_PORT_t *const port, const uint8_t pin)
 262:D:/GitHub/XMC4700-Workspace/XMC4700_BAR_LED/Libraries/XMCLib/inc\xmc_gpio.h **** {
  27              	 .loc 1 262 0
  28              	 .cfi_startproc
  29              	 
  30              	 
  31              	 
  32 0000 80B4     	 push {r7}
  33              	.LCFI0:
  34              	 .cfi_def_cfa_offset 4
  35              	 .cfi_offset 7,-4
  36 0002 83B0     	 sub sp,sp,#12
  37              	.LCFI1:
  38              	 .cfi_def_cfa_offset 16
  39 0004 00AF     	 add r7,sp,#0
  40              	.LCFI2:
  41              	 .cfi_def_cfa_register 7
  42 0006 7860     	 str r0,[r7,#4]
  43 0008 0B46     	 mov r3,r1
  44 000a FB70     	 strb r3,[r7,#3]
 263:D:/GitHub/XMC4700-Workspace/XMC4700_BAR_LED/Libraries/XMCLib/inc\xmc_gpio.h ****   XMC_ASSERT("XMC_GPIO_SetOutputHigh: Invalid port", XMC_GPIO_CHECK_OUTPUT_PORT(port));
 264:D:/GitHub/XMC4700-Workspace/XMC4700_BAR_LED/Libraries/XMCLib/inc\xmc_gpio.h **** 
 265:D:/GitHub/XMC4700-Workspace/XMC4700_BAR_LED/Libraries/XMCLib/inc\xmc_gpio.h ****   port->OMR = (uint32_t)0x1U << pin;
  45              	 .loc 1 265 0
  46 000c FB78     	 ldrb r3,[r7,#3]
  47 000e 0122     	 movs r2,#1
  48 0010 9A40     	 lsls r2,r2,r3
  49 0012 7B68     	 ldr r3,[r7,#4]
  50 0014 5A60     	 str r2,[r3,#4]
 266:D:/GitHub/XMC4700-Workspace/XMC4700_BAR_LED/Libraries/XMCLib/inc\xmc_gpio.h **** }
  51              	 .loc 1 266 0
  52 0016 0C37     	 adds r7,r7,#12
  53              	.LCFI3:
  54              	 .cfi_def_cfa_offset 4
  55 0018 BD46     	 mov sp,r7
  56              	.LCFI4:
  57              	 .cfi_def_cfa_register 13
  58              	 
  59 001a 5DF8047B 	 ldr r7,[sp],#4
  60              	.LCFI5:
  61              	 .cfi_restore 7
  62              	 .cfi_def_cfa_offset 0
  63 001e 7047     	 bx lr
  64              	 .cfi_endproc
  65              	.LFE135:
  67              	 .section .text.XMC_GPIO_SetOutputLow,"ax",%progbits
  68              	 .align 2
  69              	 .thumb
  70              	 .thumb_func
  72              	XMC_GPIO_SetOutputLow:
  73              	.LFB136:
 267:D:/GitHub/XMC4700-Workspace/XMC4700_BAR_LED/Libraries/XMCLib/inc\xmc_gpio.h **** 
 268:D:/GitHub/XMC4700-Workspace/XMC4700_BAR_LED/Libraries/XMCLib/inc\xmc_gpio.h **** /**
 269:D:/GitHub/XMC4700-Workspace/XMC4700_BAR_LED/Libraries/XMCLib/inc\xmc_gpio.h ****  *
 270:D:/GitHub/XMC4700-Workspace/XMC4700_BAR_LED/Libraries/XMCLib/inc\xmc_gpio.h ****  * @param  port	constant pointer pointing to GPIO port, to access hardware register Pn_OMR.
 271:D:/GitHub/XMC4700-Workspace/XMC4700_BAR_LED/Libraries/XMCLib/inc\xmc_gpio.h ****  * @param  pin	port pin number.
 272:D:/GitHub/XMC4700-Workspace/XMC4700_BAR_LED/Libraries/XMCLib/inc\xmc_gpio.h ****  *
 273:D:/GitHub/XMC4700-Workspace/XMC4700_BAR_LED/Libraries/XMCLib/inc\xmc_gpio.h ****  * @return  None
 274:D:/GitHub/XMC4700-Workspace/XMC4700_BAR_LED/Libraries/XMCLib/inc\xmc_gpio.h ****  *
 275:D:/GitHub/XMC4700-Workspace/XMC4700_BAR_LED/Libraries/XMCLib/inc\xmc_gpio.h ****  *\par<b>Description:</b><br>
 276:D:/GitHub/XMC4700-Workspace/XMC4700_BAR_LED/Libraries/XMCLib/inc\xmc_gpio.h ****  * Sets port pin output to low. It configures hardware registers Pn_OMR.\n
 277:D:/GitHub/XMC4700-Workspace/XMC4700_BAR_LED/Libraries/XMCLib/inc\xmc_gpio.h ****  *
 278:D:/GitHub/XMC4700-Workspace/XMC4700_BAR_LED/Libraries/XMCLib/inc\xmc_gpio.h ****  * \par<b>Related APIs:</b><BR>>
 279:D:/GitHub/XMC4700-Workspace/XMC4700_BAR_LED/Libraries/XMCLib/inc\xmc_gpio.h ****  * XMC_GPIO_SetOutputHigh()
 280:D:/GitHub/XMC4700-Workspace/XMC4700_BAR_LED/Libraries/XMCLib/inc\xmc_gpio.h ****  *
 281:D:/GitHub/XMC4700-Workspace/XMC4700_BAR_LED/Libraries/XMCLib/inc\xmc_gpio.h ****  *\par<b>Note:</b><br>
 282:D:/GitHub/XMC4700-Workspace/XMC4700_BAR_LED/Libraries/XMCLib/inc\xmc_gpio.h ****  * Prior to this api, user has to configure port pin to output mode using XMC_GPIO_SetMode().
 283:D:/GitHub/XMC4700-Workspace/XMC4700_BAR_LED/Libraries/XMCLib/inc\xmc_gpio.h ****  * Register Pn_OMR is virtual and does not contain any flip-flop. A read action delivers the value 
 284:D:/GitHub/XMC4700-Workspace/XMC4700_BAR_LED/Libraries/XMCLib/inc\xmc_gpio.h ****  *
 285:D:/GitHub/XMC4700-Workspace/XMC4700_BAR_LED/Libraries/XMCLib/inc\xmc_gpio.h ****  */
 286:D:/GitHub/XMC4700-Workspace/XMC4700_BAR_LED/Libraries/XMCLib/inc\xmc_gpio.h **** 
 287:D:/GitHub/XMC4700-Workspace/XMC4700_BAR_LED/Libraries/XMCLib/inc\xmc_gpio.h **** __STATIC_INLINE void XMC_GPIO_SetOutputLow(XMC_GPIO_PORT_t *const port, const uint8_t pin)
 288:D:/GitHub/XMC4700-Workspace/XMC4700_BAR_LED/Libraries/XMCLib/inc\xmc_gpio.h **** {
  74              	 .loc 1 288 0
  75              	 .cfi_startproc
  76              	 
  77              	 
  78              	 
  79 0000 80B4     	 push {r7}
  80              	.LCFI6:
  81              	 .cfi_def_cfa_offset 4
  82              	 .cfi_offset 7,-4
  83 0002 83B0     	 sub sp,sp,#12
  84              	.LCFI7:
  85              	 .cfi_def_cfa_offset 16
  86 0004 00AF     	 add r7,sp,#0
  87              	.LCFI8:
  88              	 .cfi_def_cfa_register 7
  89 0006 7860     	 str r0,[r7,#4]
  90 0008 0B46     	 mov r3,r1
  91 000a FB70     	 strb r3,[r7,#3]
 289:D:/GitHub/XMC4700-Workspace/XMC4700_BAR_LED/Libraries/XMCLib/inc\xmc_gpio.h ****   XMC_ASSERT("XMC_GPIO_SetOutputLow: Invalid port", XMC_GPIO_CHECK_OUTPUT_PORT(port));
 290:D:/GitHub/XMC4700-Workspace/XMC4700_BAR_LED/Libraries/XMCLib/inc\xmc_gpio.h **** 
 291:D:/GitHub/XMC4700-Workspace/XMC4700_BAR_LED/Libraries/XMCLib/inc\xmc_gpio.h ****   port->OMR = 0x10000U << pin;
  92              	 .loc 1 291 0
  93 000c FB78     	 ldrb r3,[r7,#3]
  94 000e 4FF48032 	 mov r2,#65536
  95 0012 9A40     	 lsls r2,r2,r3
  96 0014 7B68     	 ldr r3,[r7,#4]
  97 0016 5A60     	 str r2,[r3,#4]
 292:D:/GitHub/XMC4700-Workspace/XMC4700_BAR_LED/Libraries/XMCLib/inc\xmc_gpio.h **** }
  98              	 .loc 1 292 0
  99 0018 0C37     	 adds r7,r7,#12
 100              	.LCFI9:
 101              	 .cfi_def_cfa_offset 4
 102 001a BD46     	 mov sp,r7
 103              	.LCFI10:
 104              	 .cfi_def_cfa_register 13
 105              	 
 106 001c 5DF8047B 	 ldr r7,[sp],#4
 107              	.LCFI11:
 108              	 .cfi_restore 7
 109              	 .cfi_def_cfa_offset 0
 110 0020 7047     	 bx lr
 111              	 .cfi_endproc
 112              	.LFE136:
 114 0022 00BF     	 .section .text.DIGITAL_IO_SetOutputHigh,"ax",%progbits
 115              	 .align 2
 116              	 .thumb
 117              	 .thumb_func
 119              	DIGITAL_IO_SetOutputHigh:
 120              	.LFB143:
 121              	 .file 2 "D:/GitHub/XMC4700-Workspace/XMC4700_BAR_LED/Dave/Generated/DIGITAL_IO/digital_io.h"
   1:D:/GitHub/XMC4700-Workspace/XMC4700_BAR_LED/Dave/Generated/DIGITAL_IO\digital_io.h **** /*
   2:D:/GitHub/XMC4700-Workspace/XMC4700_BAR_LED/Dave/Generated/DIGITAL_IO\digital_io.h ****  *
   3:D:/GitHub/XMC4700-Workspace/XMC4700_BAR_LED/Dave/Generated/DIGITAL_IO\digital_io.h ****  * @file digital_io.h
   4:D:/GitHub/XMC4700-Workspace/XMC4700_BAR_LED/Dave/Generated/DIGITAL_IO\digital_io.h ****  * @date 2021-01-08
   5:D:/GitHub/XMC4700-Workspace/XMC4700_BAR_LED/Dave/Generated/DIGITAL_IO\digital_io.h ****  *
   6:D:/GitHub/XMC4700-Workspace/XMC4700_BAR_LED/Dave/Generated/DIGITAL_IO\digital_io.h ****  * NOTE:
   7:D:/GitHub/XMC4700-Workspace/XMC4700_BAR_LED/Dave/Generated/DIGITAL_IO\digital_io.h ****  * This file is generated by DAVE. Any manual modification done to this file will be lost when the 
   8:D:/GitHub/XMC4700-Workspace/XMC4700_BAR_LED/Dave/Generated/DIGITAL_IO\digital_io.h ****  *
   9:D:/GitHub/XMC4700-Workspace/XMC4700_BAR_LED/Dave/Generated/DIGITAL_IO\digital_io.h ****  * @cond
  10:D:/GitHub/XMC4700-Workspace/XMC4700_BAR_LED/Dave/Generated/DIGITAL_IO\digital_io.h ****  **************************************************************************************************
  11:D:/GitHub/XMC4700-Workspace/XMC4700_BAR_LED/Dave/Generated/DIGITAL_IO\digital_io.h ****  * DIGITAL_IO v4.0.18 - The DIGITAL_IO APP is used to configure a port pin as digital Input/Output.
  12:D:/GitHub/XMC4700-Workspace/XMC4700_BAR_LED/Dave/Generated/DIGITAL_IO\digital_io.h ****  *
  13:D:/GitHub/XMC4700-Workspace/XMC4700_BAR_LED/Dave/Generated/DIGITAL_IO\digital_io.h ****  * Copyright (c) 2015-2020, Infineon Technologies AG
  14:D:/GitHub/XMC4700-Workspace/XMC4700_BAR_LED/Dave/Generated/DIGITAL_IO\digital_io.h ****  * All rights reserved.
  15:D:/GitHub/XMC4700-Workspace/XMC4700_BAR_LED/Dave/Generated/DIGITAL_IO\digital_io.h ****  *
  16:D:/GitHub/XMC4700-Workspace/XMC4700_BAR_LED/Dave/Generated/DIGITAL_IO\digital_io.h ****  * Redistribution and use in source and binary forms, with or without modification,are permitted pr
  17:D:/GitHub/XMC4700-Workspace/XMC4700_BAR_LED/Dave/Generated/DIGITAL_IO\digital_io.h ****  * following conditions are met:
  18:D:/GitHub/XMC4700-Workspace/XMC4700_BAR_LED/Dave/Generated/DIGITAL_IO\digital_io.h ****  *
  19:D:/GitHub/XMC4700-Workspace/XMC4700_BAR_LED/Dave/Generated/DIGITAL_IO\digital_io.h ****  *   Redistributions of source code must retain the above copyright notice, this list of conditions
  20:D:/GitHub/XMC4700-Workspace/XMC4700_BAR_LED/Dave/Generated/DIGITAL_IO\digital_io.h ****  *   disclaimer.
  21:D:/GitHub/XMC4700-Workspace/XMC4700_BAR_LED/Dave/Generated/DIGITAL_IO\digital_io.h ****  *
  22:D:/GitHub/XMC4700-Workspace/XMC4700_BAR_LED/Dave/Generated/DIGITAL_IO\digital_io.h ****  *   Redistributions in binary form must reproduce the above copyright notice, this list of conditi
  23:D:/GitHub/XMC4700-Workspace/XMC4700_BAR_LED/Dave/Generated/DIGITAL_IO\digital_io.h ****  *   following disclaimer in the documentation and/or other materials provided with the distributio
  24:D:/GitHub/XMC4700-Workspace/XMC4700_BAR_LED/Dave/Generated/DIGITAL_IO\digital_io.h ****  *
  25:D:/GitHub/XMC4700-Workspace/XMC4700_BAR_LED/Dave/Generated/DIGITAL_IO\digital_io.h ****  *   Neither the name of the copyright holders nor the names of its contributors may be used to end
  26:D:/GitHub/XMC4700-Workspace/XMC4700_BAR_LED/Dave/Generated/DIGITAL_IO\digital_io.h ****  *   products derived from this software without specific prior written permission.
  27:D:/GitHub/XMC4700-Workspace/XMC4700_BAR_LED/Dave/Generated/DIGITAL_IO\digital_io.h ****  *
  28:D:/GitHub/XMC4700-Workspace/XMC4700_BAR_LED/Dave/Generated/DIGITAL_IO\digital_io.h ****  * THIS SOFTWARE IS PROVIDED BY THE COPYRIGHT HOLDERS AND CONTRIBUTORS "AS IS" AND ANY EXPRESS OR I
  29:D:/GitHub/XMC4700-Workspace/XMC4700_BAR_LED/Dave/Generated/DIGITAL_IO\digital_io.h ****  * INCLUDING, BUT NOT LIMITED TO, THE IMPLIED WARRANTIES OF MERCHANTABILITY AND FITNESS FOR A PARTI
  30:D:/GitHub/XMC4700-Workspace/XMC4700_BAR_LED/Dave/Generated/DIGITAL_IO\digital_io.h ****  * DISCLAIMED. IN NO EVENT SHALL THE COPYRIGHT HOLDER OR CONTRIBUTORS BE LIABLE  FOR ANY DIRECT, IN
  31:D:/GitHub/XMC4700-Workspace/XMC4700_BAR_LED/Dave/Generated/DIGITAL_IO\digital_io.h ****  * SPECIAL, EXEMPLARY, OR CONSEQUENTIAL DAMAGES (INCLUDING, BUT NOT LIMITED TO, PROCUREMENT OF SUBS
  32:D:/GitHub/XMC4700-Workspace/XMC4700_BAR_LED/Dave/Generated/DIGITAL_IO\digital_io.h ****  * SERVICES; LOSS OF USE, DATA, OR PROFITS; OR BUSINESS INTERRUPTION) HOWEVER CAUSED AND ON ANY THE
  33:D:/GitHub/XMC4700-Workspace/XMC4700_BAR_LED/Dave/Generated/DIGITAL_IO\digital_io.h ****  * WHETHER IN CONTRACT, STRICT LIABILITY,OR TORT (INCLUDING NEGLIGENCE OR OTHERWISE) ARISING IN ANY
  34:D:/GitHub/XMC4700-Workspace/XMC4700_BAR_LED/Dave/Generated/DIGITAL_IO\digital_io.h ****  * USE OF THIS SOFTWARE, EVEN IF ADVISED OF THE POSSIBILITY OF SUCH DAMAGE.
  35:D:/GitHub/XMC4700-Workspace/XMC4700_BAR_LED/Dave/Generated/DIGITAL_IO\digital_io.h ****  *
  36:D:/GitHub/XMC4700-Workspace/XMC4700_BAR_LED/Dave/Generated/DIGITAL_IO\digital_io.h ****  * To improve the quality of the software, users are encouraged to share modifications, enhancement
  37:D:/GitHub/XMC4700-Workspace/XMC4700_BAR_LED/Dave/Generated/DIGITAL_IO\digital_io.h ****  * with Infineon Technologies AG (dave@infineon.com).
  38:D:/GitHub/XMC4700-Workspace/XMC4700_BAR_LED/Dave/Generated/DIGITAL_IO\digital_io.h ****  **************************************************************************************************
  39:D:/GitHub/XMC4700-Workspace/XMC4700_BAR_LED/Dave/Generated/DIGITAL_IO\digital_io.h ****  *
  40:D:/GitHub/XMC4700-Workspace/XMC4700_BAR_LED/Dave/Generated/DIGITAL_IO\digital_io.h ****  * Change History
  41:D:/GitHub/XMC4700-Workspace/XMC4700_BAR_LED/Dave/Generated/DIGITAL_IO\digital_io.h ****  * --------------
  42:D:/GitHub/XMC4700-Workspace/XMC4700_BAR_LED/Dave/Generated/DIGITAL_IO\digital_io.h ****  *
  43:D:/GitHub/XMC4700-Workspace/XMC4700_BAR_LED/Dave/Generated/DIGITAL_IO\digital_io.h ****  * 2015-02-16
  44:D:/GitHub/XMC4700-Workspace/XMC4700_BAR_LED/Dave/Generated/DIGITAL_IO\digital_io.h ****  *     - Initial version
  45:D:/GitHub/XMC4700-Workspace/XMC4700_BAR_LED/Dave/Generated/DIGITAL_IO\digital_io.h ****  *
  46:D:/GitHub/XMC4700-Workspace/XMC4700_BAR_LED/Dave/Generated/DIGITAL_IO\digital_io.h ****  * 2015-04-22
  47:D:/GitHub/XMC4700-Workspace/XMC4700_BAR_LED/Dave/Generated/DIGITAL_IO\digital_io.h ****  *     - XMC_ASSERT is added in static inline functions.<br>
  48:D:/GitHub/XMC4700-Workspace/XMC4700_BAR_LED/Dave/Generated/DIGITAL_IO\digital_io.h ****  *
  49:D:/GitHub/XMC4700-Workspace/XMC4700_BAR_LED/Dave/Generated/DIGITAL_IO\digital_io.h ****  * 2015-06-20
  50:D:/GitHub/XMC4700-Workspace/XMC4700_BAR_LED/Dave/Generated/DIGITAL_IO\digital_io.h ****  *     - Version check added for XMCLib dependency.<br>
  51:D:/GitHub/XMC4700-Workspace/XMC4700_BAR_LED/Dave/Generated/DIGITAL_IO\digital_io.h ****  *
  52:D:/GitHub/XMC4700-Workspace/XMC4700_BAR_LED/Dave/Generated/DIGITAL_IO\digital_io.h ****  * 2015-12-22
  53:D:/GitHub/XMC4700-Workspace/XMC4700_BAR_LED/Dave/Generated/DIGITAL_IO\digital_io.h ****  *     - Added hardware controlled IO feature.
  54:D:/GitHub/XMC4700-Workspace/XMC4700_BAR_LED/Dave/Generated/DIGITAL_IO\digital_io.h ****  * 2016-07-08:
  55:D:/GitHub/XMC4700-Workspace/XMC4700_BAR_LED/Dave/Generated/DIGITAL_IO\digital_io.h ****  *     - Fixed incorrect case for an included header.<br>
  56:D:/GitHub/XMC4700-Workspace/XMC4700_BAR_LED/Dave/Generated/DIGITAL_IO\digital_io.h ****  * 2021-01-08:
  57:D:/GitHub/XMC4700-Workspace/XMC4700_BAR_LED/Dave/Generated/DIGITAL_IO\digital_io.h ****  *     - Modified check for minimum XMCLib version
  58:D:/GitHub/XMC4700-Workspace/XMC4700_BAR_LED/Dave/Generated/DIGITAL_IO\digital_io.h ****  *
  59:D:/GitHub/XMC4700-Workspace/XMC4700_BAR_LED/Dave/Generated/DIGITAL_IO\digital_io.h ****  * @endcond
  60:D:/GitHub/XMC4700-Workspace/XMC4700_BAR_LED/Dave/Generated/DIGITAL_IO\digital_io.h ****  *
  61:D:/GitHub/XMC4700-Workspace/XMC4700_BAR_LED/Dave/Generated/DIGITAL_IO\digital_io.h ****  */
  62:D:/GitHub/XMC4700-Workspace/XMC4700_BAR_LED/Dave/Generated/DIGITAL_IO\digital_io.h **** 
  63:D:/GitHub/XMC4700-Workspace/XMC4700_BAR_LED/Dave/Generated/DIGITAL_IO\digital_io.h **** /**************************************************************************************************
  64:D:/GitHub/XMC4700-Workspace/XMC4700_BAR_LED/Dave/Generated/DIGITAL_IO\digital_io.h ****  * HEADER FILES
  65:D:/GitHub/XMC4700-Workspace/XMC4700_BAR_LED/Dave/Generated/DIGITAL_IO\digital_io.h ****  **************************************************************************************************
  66:D:/GitHub/XMC4700-Workspace/XMC4700_BAR_LED/Dave/Generated/DIGITAL_IO\digital_io.h **** 
  67:D:/GitHub/XMC4700-Workspace/XMC4700_BAR_LED/Dave/Generated/DIGITAL_IO\digital_io.h **** #ifndef DIGITAL_IO_H
  68:D:/GitHub/XMC4700-Workspace/XMC4700_BAR_LED/Dave/Generated/DIGITAL_IO\digital_io.h **** #define DIGITAL_IO_H
  69:D:/GitHub/XMC4700-Workspace/XMC4700_BAR_LED/Dave/Generated/DIGITAL_IO\digital_io.h **** 
  70:D:/GitHub/XMC4700-Workspace/XMC4700_BAR_LED/Dave/Generated/DIGITAL_IO\digital_io.h **** #include "xmc_gpio.h"
  71:D:/GitHub/XMC4700-Workspace/XMC4700_BAR_LED/Dave/Generated/DIGITAL_IO\digital_io.h **** #include "DAVE_Common.h"
  72:D:/GitHub/XMC4700-Workspace/XMC4700_BAR_LED/Dave/Generated/DIGITAL_IO\digital_io.h **** #include "digital_io_conf.h"
  73:D:/GitHub/XMC4700-Workspace/XMC4700_BAR_LED/Dave/Generated/DIGITAL_IO\digital_io.h **** 
  74:D:/GitHub/XMC4700-Workspace/XMC4700_BAR_LED/Dave/Generated/DIGITAL_IO\digital_io.h **** /**************************************************************************************************
  75:D:/GitHub/XMC4700-Workspace/XMC4700_BAR_LED/Dave/Generated/DIGITAL_IO\digital_io.h ****  * MACROS
  76:D:/GitHub/XMC4700-Workspace/XMC4700_BAR_LED/Dave/Generated/DIGITAL_IO\digital_io.h ****  **************************************************************************************************
  77:D:/GitHub/XMC4700-Workspace/XMC4700_BAR_LED/Dave/Generated/DIGITAL_IO\digital_io.h **** #define DIGITAL_IO_XMC_LIB_MAJOR_VERSION 2
  78:D:/GitHub/XMC4700-Workspace/XMC4700_BAR_LED/Dave/Generated/DIGITAL_IO\digital_io.h **** #define DIGITAL_IO_XMC_LIB_MINOR_VERSION 0
  79:D:/GitHub/XMC4700-Workspace/XMC4700_BAR_LED/Dave/Generated/DIGITAL_IO\digital_io.h **** #define DIGITAL_IO_XMC_LIB_PATCH_VERSION 0
  80:D:/GitHub/XMC4700-Workspace/XMC4700_BAR_LED/Dave/Generated/DIGITAL_IO\digital_io.h **** 
  81:D:/GitHub/XMC4700-Workspace/XMC4700_BAR_LED/Dave/Generated/DIGITAL_IO\digital_io.h **** #if !((XMC_LIB_MAJOR_VERSION > DIGITAL_IO_XMC_LIB_MAJOR_VERSION) ||\
  82:D:/GitHub/XMC4700-Workspace/XMC4700_BAR_LED/Dave/Generated/DIGITAL_IO\digital_io.h ****       ((XMC_LIB_MAJOR_VERSION == DIGITAL_IO_XMC_LIB_MAJOR_VERSION) && (XMC_LIB_MINOR_VERSION > DIGI
  83:D:/GitHub/XMC4700-Workspace/XMC4700_BAR_LED/Dave/Generated/DIGITAL_IO\digital_io.h ****       ((XMC_LIB_MAJOR_VERSION == DIGITAL_IO_XMC_LIB_MAJOR_VERSION) && (XMC_LIB_MINOR_VERSION == DIG
  84:D:/GitHub/XMC4700-Workspace/XMC4700_BAR_LED/Dave/Generated/DIGITAL_IO\digital_io.h **** #error "DIGITAL_IO requires XMC Peripheral Library v2.0.0 or higher"
  85:D:/GitHub/XMC4700-Workspace/XMC4700_BAR_LED/Dave/Generated/DIGITAL_IO\digital_io.h **** #endif
  86:D:/GitHub/XMC4700-Workspace/XMC4700_BAR_LED/Dave/Generated/DIGITAL_IO\digital_io.h **** 
  87:D:/GitHub/XMC4700-Workspace/XMC4700_BAR_LED/Dave/Generated/DIGITAL_IO\digital_io.h ****  /*************************************************************************************************
  88:D:/GitHub/XMC4700-Workspace/XMC4700_BAR_LED/Dave/Generated/DIGITAL_IO\digital_io.h ****  * ENUMS
  89:D:/GitHub/XMC4700-Workspace/XMC4700_BAR_LED/Dave/Generated/DIGITAL_IO\digital_io.h ****  **************************************************************************************************
  90:D:/GitHub/XMC4700-Workspace/XMC4700_BAR_LED/Dave/Generated/DIGITAL_IO\digital_io.h **** 
  91:D:/GitHub/XMC4700-Workspace/XMC4700_BAR_LED/Dave/Generated/DIGITAL_IO\digital_io.h **** /**
  92:D:/GitHub/XMC4700-Workspace/XMC4700_BAR_LED/Dave/Generated/DIGITAL_IO\digital_io.h **** * @ingroup DIGITAL_IO_enumerations
  93:D:/GitHub/XMC4700-Workspace/XMC4700_BAR_LED/Dave/Generated/DIGITAL_IO\digital_io.h **** * @{
  94:D:/GitHub/XMC4700-Workspace/XMC4700_BAR_LED/Dave/Generated/DIGITAL_IO\digital_io.h **** */
  95:D:/GitHub/XMC4700-Workspace/XMC4700_BAR_LED/Dave/Generated/DIGITAL_IO\digital_io.h **** 
  96:D:/GitHub/XMC4700-Workspace/XMC4700_BAR_LED/Dave/Generated/DIGITAL_IO\digital_io.h **** /**
  97:D:/GitHub/XMC4700-Workspace/XMC4700_BAR_LED/Dave/Generated/DIGITAL_IO\digital_io.h **** * @brief Initialization status of DIGITAL_IO APP.
  98:D:/GitHub/XMC4700-Workspace/XMC4700_BAR_LED/Dave/Generated/DIGITAL_IO\digital_io.h **** */
  99:D:/GitHub/XMC4700-Workspace/XMC4700_BAR_LED/Dave/Generated/DIGITAL_IO\digital_io.h **** typedef enum DIGITAL_IO_STATUS
 100:D:/GitHub/XMC4700-Workspace/XMC4700_BAR_LED/Dave/Generated/DIGITAL_IO\digital_io.h **** {
 101:D:/GitHub/XMC4700-Workspace/XMC4700_BAR_LED/Dave/Generated/DIGITAL_IO\digital_io.h ****   DIGITAL_IO_STATUS_OK = 0U,/**< 0=Status OK */
 102:D:/GitHub/XMC4700-Workspace/XMC4700_BAR_LED/Dave/Generated/DIGITAL_IO\digital_io.h ****   DIGITAL_IO_STATUS_FAILURE = 1U/**< 1=Status Failed */
 103:D:/GitHub/XMC4700-Workspace/XMC4700_BAR_LED/Dave/Generated/DIGITAL_IO\digital_io.h **** } DIGITAL_IO_STATUS_t;
 104:D:/GitHub/XMC4700-Workspace/XMC4700_BAR_LED/Dave/Generated/DIGITAL_IO\digital_io.h **** 
 105:D:/GitHub/XMC4700-Workspace/XMC4700_BAR_LED/Dave/Generated/DIGITAL_IO\digital_io.h **** /**
 106:D:/GitHub/XMC4700-Workspace/XMC4700_BAR_LED/Dave/Generated/DIGITAL_IO\digital_io.h **** * @}
 107:D:/GitHub/XMC4700-Workspace/XMC4700_BAR_LED/Dave/Generated/DIGITAL_IO\digital_io.h **** */
 108:D:/GitHub/XMC4700-Workspace/XMC4700_BAR_LED/Dave/Generated/DIGITAL_IO\digital_io.h **** 
 109:D:/GitHub/XMC4700-Workspace/XMC4700_BAR_LED/Dave/Generated/DIGITAL_IO\digital_io.h **** /**************************************************************************************************
 110:D:/GitHub/XMC4700-Workspace/XMC4700_BAR_LED/Dave/Generated/DIGITAL_IO\digital_io.h ****  * DATA STRUCTURES
 111:D:/GitHub/XMC4700-Workspace/XMC4700_BAR_LED/Dave/Generated/DIGITAL_IO\digital_io.h ****  **************************************************************************************************
 112:D:/GitHub/XMC4700-Workspace/XMC4700_BAR_LED/Dave/Generated/DIGITAL_IO\digital_io.h **** /**
 113:D:/GitHub/XMC4700-Workspace/XMC4700_BAR_LED/Dave/Generated/DIGITAL_IO\digital_io.h **** * @ingroup DIGITAL_IO_datastructures
 114:D:/GitHub/XMC4700-Workspace/XMC4700_BAR_LED/Dave/Generated/DIGITAL_IO\digital_io.h **** * @{
 115:D:/GitHub/XMC4700-Workspace/XMC4700_BAR_LED/Dave/Generated/DIGITAL_IO\digital_io.h **** */
 116:D:/GitHub/XMC4700-Workspace/XMC4700_BAR_LED/Dave/Generated/DIGITAL_IO\digital_io.h **** 
 117:D:/GitHub/XMC4700-Workspace/XMC4700_BAR_LED/Dave/Generated/DIGITAL_IO\digital_io.h **** /**
 118:D:/GitHub/XMC4700-Workspace/XMC4700_BAR_LED/Dave/Generated/DIGITAL_IO\digital_io.h **** * @brief Initialization data structure of DIGITAL_IO APP
 119:D:/GitHub/XMC4700-Workspace/XMC4700_BAR_LED/Dave/Generated/DIGITAL_IO\digital_io.h **** */
 120:D:/GitHub/XMC4700-Workspace/XMC4700_BAR_LED/Dave/Generated/DIGITAL_IO\digital_io.h **** typedef struct DIGITAL_IO
 121:D:/GitHub/XMC4700-Workspace/XMC4700_BAR_LED/Dave/Generated/DIGITAL_IO\digital_io.h **** {
 122:D:/GitHub/XMC4700-Workspace/XMC4700_BAR_LED/Dave/Generated/DIGITAL_IO\digital_io.h ****   XMC_GPIO_PORT_t *const gpio_port;             /**< port number */
 123:D:/GitHub/XMC4700-Workspace/XMC4700_BAR_LED/Dave/Generated/DIGITAL_IO\digital_io.h ****   const XMC_GPIO_CONFIG_t gpio_config;          /**< mode, initial output level and pad driver stre
 124:D:/GitHub/XMC4700-Workspace/XMC4700_BAR_LED/Dave/Generated/DIGITAL_IO\digital_io.h ****   const uint8_t gpio_pin;                       /**< pin number */
 125:D:/GitHub/XMC4700-Workspace/XMC4700_BAR_LED/Dave/Generated/DIGITAL_IO\digital_io.h ****   const XMC_GPIO_HWCTRL_t hwctrl;               /**< Hardware port control */
 126:D:/GitHub/XMC4700-Workspace/XMC4700_BAR_LED/Dave/Generated/DIGITAL_IO\digital_io.h **** } DIGITAL_IO_t;
 127:D:/GitHub/XMC4700-Workspace/XMC4700_BAR_LED/Dave/Generated/DIGITAL_IO\digital_io.h **** 
 128:D:/GitHub/XMC4700-Workspace/XMC4700_BAR_LED/Dave/Generated/DIGITAL_IO\digital_io.h **** 
 129:D:/GitHub/XMC4700-Workspace/XMC4700_BAR_LED/Dave/Generated/DIGITAL_IO\digital_io.h **** /**
 130:D:/GitHub/XMC4700-Workspace/XMC4700_BAR_LED/Dave/Generated/DIGITAL_IO\digital_io.h **** * @}
 131:D:/GitHub/XMC4700-Workspace/XMC4700_BAR_LED/Dave/Generated/DIGITAL_IO\digital_io.h **** */
 132:D:/GitHub/XMC4700-Workspace/XMC4700_BAR_LED/Dave/Generated/DIGITAL_IO\digital_io.h **** 
 133:D:/GitHub/XMC4700-Workspace/XMC4700_BAR_LED/Dave/Generated/DIGITAL_IO\digital_io.h **** 
 134:D:/GitHub/XMC4700-Workspace/XMC4700_BAR_LED/Dave/Generated/DIGITAL_IO\digital_io.h **** /**************************************************************************************************
 135:D:/GitHub/XMC4700-Workspace/XMC4700_BAR_LED/Dave/Generated/DIGITAL_IO\digital_io.h ****  * API Prototypes
 136:D:/GitHub/XMC4700-Workspace/XMC4700_BAR_LED/Dave/Generated/DIGITAL_IO\digital_io.h ****  **************************************************************************************************
 137:D:/GitHub/XMC4700-Workspace/XMC4700_BAR_LED/Dave/Generated/DIGITAL_IO\digital_io.h **** 
 138:D:/GitHub/XMC4700-Workspace/XMC4700_BAR_LED/Dave/Generated/DIGITAL_IO\digital_io.h **** 
 139:D:/GitHub/XMC4700-Workspace/XMC4700_BAR_LED/Dave/Generated/DIGITAL_IO\digital_io.h **** #ifdef __cplusplus
 140:D:/GitHub/XMC4700-Workspace/XMC4700_BAR_LED/Dave/Generated/DIGITAL_IO\digital_io.h **** extern "C" {
 141:D:/GitHub/XMC4700-Workspace/XMC4700_BAR_LED/Dave/Generated/DIGITAL_IO\digital_io.h **** #endif
 142:D:/GitHub/XMC4700-Workspace/XMC4700_BAR_LED/Dave/Generated/DIGITAL_IO\digital_io.h **** 
 143:D:/GitHub/XMC4700-Workspace/XMC4700_BAR_LED/Dave/Generated/DIGITAL_IO\digital_io.h **** /**
 144:D:/GitHub/XMC4700-Workspace/XMC4700_BAR_LED/Dave/Generated/DIGITAL_IO\digital_io.h **** * @ingroup DIGITAL_IO_apidoc
 145:D:/GitHub/XMC4700-Workspace/XMC4700_BAR_LED/Dave/Generated/DIGITAL_IO\digital_io.h **** * @{
 146:D:/GitHub/XMC4700-Workspace/XMC4700_BAR_LED/Dave/Generated/DIGITAL_IO\digital_io.h **** */
 147:D:/GitHub/XMC4700-Workspace/XMC4700_BAR_LED/Dave/Generated/DIGITAL_IO\digital_io.h **** 
 148:D:/GitHub/XMC4700-Workspace/XMC4700_BAR_LED/Dave/Generated/DIGITAL_IO\digital_io.h **** 
 149:D:/GitHub/XMC4700-Workspace/XMC4700_BAR_LED/Dave/Generated/DIGITAL_IO\digital_io.h **** 
 150:D:/GitHub/XMC4700-Workspace/XMC4700_BAR_LED/Dave/Generated/DIGITAL_IO\digital_io.h **** /**
 151:D:/GitHub/XMC4700-Workspace/XMC4700_BAR_LED/Dave/Generated/DIGITAL_IO\digital_io.h **** * @brief Get DIGITAL_IO APP version
 152:D:/GitHub/XMC4700-Workspace/XMC4700_BAR_LED/Dave/Generated/DIGITAL_IO\digital_io.h **** * @return DAVE_APP_VERSION_t APP version information (major, minor and patch number)
 153:D:/GitHub/XMC4700-Workspace/XMC4700_BAR_LED/Dave/Generated/DIGITAL_IO\digital_io.h **** *
 154:D:/GitHub/XMC4700-Workspace/XMC4700_BAR_LED/Dave/Generated/DIGITAL_IO\digital_io.h **** * \par<b>Description: </b><br>
 155:D:/GitHub/XMC4700-Workspace/XMC4700_BAR_LED/Dave/Generated/DIGITAL_IO\digital_io.h **** * The function can be used to check application software compatibility with a
 156:D:/GitHub/XMC4700-Workspace/XMC4700_BAR_LED/Dave/Generated/DIGITAL_IO\digital_io.h **** * specific version of the APP.
 157:D:/GitHub/XMC4700-Workspace/XMC4700_BAR_LED/Dave/Generated/DIGITAL_IO\digital_io.h **** *
 158:D:/GitHub/XMC4700-Workspace/XMC4700_BAR_LED/Dave/Generated/DIGITAL_IO\digital_io.h **** * Example Usage:
 159:D:/GitHub/XMC4700-Workspace/XMC4700_BAR_LED/Dave/Generated/DIGITAL_IO\digital_io.h **** *
 160:D:/GitHub/XMC4700-Workspace/XMC4700_BAR_LED/Dave/Generated/DIGITAL_IO\digital_io.h **** * @code
 161:D:/GitHub/XMC4700-Workspace/XMC4700_BAR_LED/Dave/Generated/DIGITAL_IO\digital_io.h **** * #include "DAVE.h"
 162:D:/GitHub/XMC4700-Workspace/XMC4700_BAR_LED/Dave/Generated/DIGITAL_IO\digital_io.h **** *
 163:D:/GitHub/XMC4700-Workspace/XMC4700_BAR_LED/Dave/Generated/DIGITAL_IO\digital_io.h **** * int main(void)
 164:D:/GitHub/XMC4700-Workspace/XMC4700_BAR_LED/Dave/Generated/DIGITAL_IO\digital_io.h **** * {
 165:D:/GitHub/XMC4700-Workspace/XMC4700_BAR_LED/Dave/Generated/DIGITAL_IO\digital_io.h **** *   DAVE_STATUS_t init_status;
 166:D:/GitHub/XMC4700-Workspace/XMC4700_BAR_LED/Dave/Generated/DIGITAL_IO\digital_io.h **** *   DAVE_APP_VERSION_t version;
 167:D:/GitHub/XMC4700-Workspace/XMC4700_BAR_LED/Dave/Generated/DIGITAL_IO\digital_io.h **** *
 168:D:/GitHub/XMC4700-Workspace/XMC4700_BAR_LED/Dave/Generated/DIGITAL_IO\digital_io.h **** *   // Initialize DIGITAL_IO APP:
 169:D:/GitHub/XMC4700-Workspace/XMC4700_BAR_LED/Dave/Generated/DIGITAL_IO\digital_io.h **** *   // DIGITAL_IO_Init() is called from within DAVE_Init().
 170:D:/GitHub/XMC4700-Workspace/XMC4700_BAR_LED/Dave/Generated/DIGITAL_IO\digital_io.h **** *   init_status = DAVE_Init();
 171:D:/GitHub/XMC4700-Workspace/XMC4700_BAR_LED/Dave/Generated/DIGITAL_IO\digital_io.h **** *   if(init_status == DAVE_STATUS_SUCCESS)
 172:D:/GitHub/XMC4700-Workspace/XMC4700_BAR_LED/Dave/Generated/DIGITAL_IO\digital_io.h **** *   {
 173:D:/GitHub/XMC4700-Workspace/XMC4700_BAR_LED/Dave/Generated/DIGITAL_IO\digital_io.h **** *     version = DIGITAL_IO_GetAppVersion();
 174:D:/GitHub/XMC4700-Workspace/XMC4700_BAR_LED/Dave/Generated/DIGITAL_IO\digital_io.h **** *     if (version.major != 4U) {
 175:D:/GitHub/XMC4700-Workspace/XMC4700_BAR_LED/Dave/Generated/DIGITAL_IO\digital_io.h **** *     // Probably, not the right version.
 176:D:/GitHub/XMC4700-Workspace/XMC4700_BAR_LED/Dave/Generated/DIGITAL_IO\digital_io.h **** *     }
 177:D:/GitHub/XMC4700-Workspace/XMC4700_BAR_LED/Dave/Generated/DIGITAL_IO\digital_io.h **** *   }
 178:D:/GitHub/XMC4700-Workspace/XMC4700_BAR_LED/Dave/Generated/DIGITAL_IO\digital_io.h **** *
 179:D:/GitHub/XMC4700-Workspace/XMC4700_BAR_LED/Dave/Generated/DIGITAL_IO\digital_io.h **** *     // More code here
 180:D:/GitHub/XMC4700-Workspace/XMC4700_BAR_LED/Dave/Generated/DIGITAL_IO\digital_io.h **** *     while(1) {
 181:D:/GitHub/XMC4700-Workspace/XMC4700_BAR_LED/Dave/Generated/DIGITAL_IO\digital_io.h **** *
 182:D:/GitHub/XMC4700-Workspace/XMC4700_BAR_LED/Dave/Generated/DIGITAL_IO\digital_io.h **** *     }
 183:D:/GitHub/XMC4700-Workspace/XMC4700_BAR_LED/Dave/Generated/DIGITAL_IO\digital_io.h **** *     return (1);
 184:D:/GitHub/XMC4700-Workspace/XMC4700_BAR_LED/Dave/Generated/DIGITAL_IO\digital_io.h **** *  }
 185:D:/GitHub/XMC4700-Workspace/XMC4700_BAR_LED/Dave/Generated/DIGITAL_IO\digital_io.h **** * @endcode<BR>
 186:D:/GitHub/XMC4700-Workspace/XMC4700_BAR_LED/Dave/Generated/DIGITAL_IO\digital_io.h **** */
 187:D:/GitHub/XMC4700-Workspace/XMC4700_BAR_LED/Dave/Generated/DIGITAL_IO\digital_io.h **** 
 188:D:/GitHub/XMC4700-Workspace/XMC4700_BAR_LED/Dave/Generated/DIGITAL_IO\digital_io.h **** DAVE_APP_VERSION_t DIGITAL_IO_GetAppVersion(void);
 189:D:/GitHub/XMC4700-Workspace/XMC4700_BAR_LED/Dave/Generated/DIGITAL_IO\digital_io.h **** 
 190:D:/GitHub/XMC4700-Workspace/XMC4700_BAR_LED/Dave/Generated/DIGITAL_IO\digital_io.h **** /**
 191:D:/GitHub/XMC4700-Workspace/XMC4700_BAR_LED/Dave/Generated/DIGITAL_IO\digital_io.h **** *
 192:D:/GitHub/XMC4700-Workspace/XMC4700_BAR_LED/Dave/Generated/DIGITAL_IO\digital_io.h **** * @brief Function to initialize the port pin as per UI settings.
 193:D:/GitHub/XMC4700-Workspace/XMC4700_BAR_LED/Dave/Generated/DIGITAL_IO\digital_io.h **** * @param handler Pointer pointing to APP data structure. Refer @ref DIGITAL_IO_t for details.
 194:D:/GitHub/XMC4700-Workspace/XMC4700_BAR_LED/Dave/Generated/DIGITAL_IO\digital_io.h **** * @return DIGITAL_IO_STATUS_t DIGITAL_IO APP status. Refer @ref DIGITAL_IO_STATUS_t structure for d
 195:D:/GitHub/XMC4700-Workspace/XMC4700_BAR_LED/Dave/Generated/DIGITAL_IO\digital_io.h **** *
 196:D:/GitHub/XMC4700-Workspace/XMC4700_BAR_LED/Dave/Generated/DIGITAL_IO\digital_io.h **** * \par<b>Description:</b><br>
 197:D:/GitHub/XMC4700-Workspace/XMC4700_BAR_LED/Dave/Generated/DIGITAL_IO\digital_io.h **** * This function initializes GPIO port registers IOCR,PDISC,OMR,PDR/PHCR to configure pin direction,
 198:D:/GitHub/XMC4700-Workspace/XMC4700_BAR_LED/Dave/Generated/DIGITAL_IO\digital_io.h **** * and pad driver strength/hysteresis.
 199:D:/GitHub/XMC4700-Workspace/XMC4700_BAR_LED/Dave/Generated/DIGITAL_IO\digital_io.h **** *
 200:D:/GitHub/XMC4700-Workspace/XMC4700_BAR_LED/Dave/Generated/DIGITAL_IO\digital_io.h **** * \par<b>Related APIs:</b><BR>
 201:D:/GitHub/XMC4700-Workspace/XMC4700_BAR_LED/Dave/Generated/DIGITAL_IO\digital_io.h **** * None
 202:D:/GitHub/XMC4700-Workspace/XMC4700_BAR_LED/Dave/Generated/DIGITAL_IO\digital_io.h **** *
 203:D:/GitHub/XMC4700-Workspace/XMC4700_BAR_LED/Dave/Generated/DIGITAL_IO\digital_io.h **** * Example Usage:
 204:D:/GitHub/XMC4700-Workspace/XMC4700_BAR_LED/Dave/Generated/DIGITAL_IO\digital_io.h **** * @code
 205:D:/GitHub/XMC4700-Workspace/XMC4700_BAR_LED/Dave/Generated/DIGITAL_IO\digital_io.h **** * #include "DAVE.h" //Declarations from DAVE Code Generation (includes SFR declaration)
 206:D:/GitHub/XMC4700-Workspace/XMC4700_BAR_LED/Dave/Generated/DIGITAL_IO\digital_io.h **** *
 207:D:/GitHub/XMC4700-Workspace/XMC4700_BAR_LED/Dave/Generated/DIGITAL_IO\digital_io.h **** * int main(void)
 208:D:/GitHub/XMC4700-Workspace/XMC4700_BAR_LED/Dave/Generated/DIGITAL_IO\digital_io.h **** * {
 209:D:/GitHub/XMC4700-Workspace/XMC4700_BAR_LED/Dave/Generated/DIGITAL_IO\digital_io.h **** *   DAVE_STATUS_t status;
 210:D:/GitHub/XMC4700-Workspace/XMC4700_BAR_LED/Dave/Generated/DIGITAL_IO\digital_io.h **** *   status = DAVE_Init();  //(DAVE_STATUS_t)DIGITAL_IO_Init(&DIGITAL_IO_0) is called within DAVE_In
 211:D:/GitHub/XMC4700-Workspace/XMC4700_BAR_LED/Dave/Generated/DIGITAL_IO\digital_io.h **** *   if(status == DAVE_STATUS_SUCCESS)
 212:D:/GitHub/XMC4700-Workspace/XMC4700_BAR_LED/Dave/Generated/DIGITAL_IO\digital_io.h **** *   {
 213:D:/GitHub/XMC4700-Workspace/XMC4700_BAR_LED/Dave/Generated/DIGITAL_IO\digital_io.h **** *     XMC_DEBUG("DAVE Apps initialization success\n");
 214:D:/GitHub/XMC4700-Workspace/XMC4700_BAR_LED/Dave/Generated/DIGITAL_IO\digital_io.h **** *   }
 215:D:/GitHub/XMC4700-Workspace/XMC4700_BAR_LED/Dave/Generated/DIGITAL_IO\digital_io.h **** *   else
 216:D:/GitHub/XMC4700-Workspace/XMC4700_BAR_LED/Dave/Generated/DIGITAL_IO\digital_io.h **** *   {
 217:D:/GitHub/XMC4700-Workspace/XMC4700_BAR_LED/Dave/Generated/DIGITAL_IO\digital_io.h **** *     XMC_DEBUG(("DAVE Apps initialization failed with status %d\n", status));
 218:D:/GitHub/XMC4700-Workspace/XMC4700_BAR_LED/Dave/Generated/DIGITAL_IO\digital_io.h **** *     while(1U)
 219:D:/GitHub/XMC4700-Workspace/XMC4700_BAR_LED/Dave/Generated/DIGITAL_IO\digital_io.h **** *     {
 220:D:/GitHub/XMC4700-Workspace/XMC4700_BAR_LED/Dave/Generated/DIGITAL_IO\digital_io.h **** *     }
 221:D:/GitHub/XMC4700-Workspace/XMC4700_BAR_LED/Dave/Generated/DIGITAL_IO\digital_io.h **** *   }
 222:D:/GitHub/XMC4700-Workspace/XMC4700_BAR_LED/Dave/Generated/DIGITAL_IO\digital_io.h **** *   //Placeholder for user application code. The while loop below can be replaced with user applica
 223:D:/GitHub/XMC4700-Workspace/XMC4700_BAR_LED/Dave/Generated/DIGITAL_IO\digital_io.h **** *   while(1U)
 224:D:/GitHub/XMC4700-Workspace/XMC4700_BAR_LED/Dave/Generated/DIGITAL_IO\digital_io.h **** *   {
 225:D:/GitHub/XMC4700-Workspace/XMC4700_BAR_LED/Dave/Generated/DIGITAL_IO\digital_io.h **** *   }
 226:D:/GitHub/XMC4700-Workspace/XMC4700_BAR_LED/Dave/Generated/DIGITAL_IO\digital_io.h **** *   return 1U;
 227:D:/GitHub/XMC4700-Workspace/XMC4700_BAR_LED/Dave/Generated/DIGITAL_IO\digital_io.h **** *  }
 228:D:/GitHub/XMC4700-Workspace/XMC4700_BAR_LED/Dave/Generated/DIGITAL_IO\digital_io.h **** *  @endcode
 229:D:/GitHub/XMC4700-Workspace/XMC4700_BAR_LED/Dave/Generated/DIGITAL_IO\digital_io.h **** */
 230:D:/GitHub/XMC4700-Workspace/XMC4700_BAR_LED/Dave/Generated/DIGITAL_IO\digital_io.h **** 
 231:D:/GitHub/XMC4700-Workspace/XMC4700_BAR_LED/Dave/Generated/DIGITAL_IO\digital_io.h **** DIGITAL_IO_STATUS_t DIGITAL_IO_Init(const DIGITAL_IO_t *const handler);
 232:D:/GitHub/XMC4700-Workspace/XMC4700_BAR_LED/Dave/Generated/DIGITAL_IO\digital_io.h **** 
 233:D:/GitHub/XMC4700-Workspace/XMC4700_BAR_LED/Dave/Generated/DIGITAL_IO\digital_io.h **** /**
 234:D:/GitHub/XMC4700-Workspace/XMC4700_BAR_LED/Dave/Generated/DIGITAL_IO\digital_io.h **** *
 235:D:/GitHub/XMC4700-Workspace/XMC4700_BAR_LED/Dave/Generated/DIGITAL_IO\digital_io.h **** * @brief Function to set port pin high.
 236:D:/GitHub/XMC4700-Workspace/XMC4700_BAR_LED/Dave/Generated/DIGITAL_IO\digital_io.h **** * @param handler Pointer pointing to APP data structure. Refer @ref DIGITAL_IO_t for details.
 237:D:/GitHub/XMC4700-Workspace/XMC4700_BAR_LED/Dave/Generated/DIGITAL_IO\digital_io.h **** * @return None
 238:D:/GitHub/XMC4700-Workspace/XMC4700_BAR_LED/Dave/Generated/DIGITAL_IO\digital_io.h **** *
 239:D:/GitHub/XMC4700-Workspace/XMC4700_BAR_LED/Dave/Generated/DIGITAL_IO\digital_io.h **** * \par<b>Description:</b><br>
 240:D:/GitHub/XMC4700-Workspace/XMC4700_BAR_LED/Dave/Generated/DIGITAL_IO\digital_io.h **** * This function configures port output modification register Pn_OMR, to make port pin to high level
 241:D:/GitHub/XMC4700-Workspace/XMC4700_BAR_LED/Dave/Generated/DIGITAL_IO\digital_io.h **** *
 242:D:/GitHub/XMC4700-Workspace/XMC4700_BAR_LED/Dave/Generated/DIGITAL_IO\digital_io.h **** * \par<b>Related APIs:</b><BR>
 243:D:/GitHub/XMC4700-Workspace/XMC4700_BAR_LED/Dave/Generated/DIGITAL_IO\digital_io.h **** *  DIGITAL_IO_SetOutputLow()
 244:D:/GitHub/XMC4700-Workspace/XMC4700_BAR_LED/Dave/Generated/DIGITAL_IO\digital_io.h **** *
 245:D:/GitHub/XMC4700-Workspace/XMC4700_BAR_LED/Dave/Generated/DIGITAL_IO\digital_io.h **** * Example Usage:
 246:D:/GitHub/XMC4700-Workspace/XMC4700_BAR_LED/Dave/Generated/DIGITAL_IO\digital_io.h **** * @code
 247:D:/GitHub/XMC4700-Workspace/XMC4700_BAR_LED/Dave/Generated/DIGITAL_IO\digital_io.h **** * #include "DAVE.h" //Declarations from DAVE Code Generation (includes SFR declaration)
 248:D:/GitHub/XMC4700-Workspace/XMC4700_BAR_LED/Dave/Generated/DIGITAL_IO\digital_io.h **** *
 249:D:/GitHub/XMC4700-Workspace/XMC4700_BAR_LED/Dave/Generated/DIGITAL_IO\digital_io.h **** * int main(void)
 250:D:/GitHub/XMC4700-Workspace/XMC4700_BAR_LED/Dave/Generated/DIGITAL_IO\digital_io.h **** * {
 251:D:/GitHub/XMC4700-Workspace/XMC4700_BAR_LED/Dave/Generated/DIGITAL_IO\digital_io.h **** *   DAVE_STATUS_t status;
 252:D:/GitHub/XMC4700-Workspace/XMC4700_BAR_LED/Dave/Generated/DIGITAL_IO\digital_io.h **** *   status = DAVE_Init();  //(DAVE_STATUS_t)DIGITAL_IO_Init(&DIGITAL_IO_0) is called within DAVE_In
 253:D:/GitHub/XMC4700-Workspace/XMC4700_BAR_LED/Dave/Generated/DIGITAL_IO\digital_io.h **** *   if(status == DAVE_STATUS_SUCCESS)
 254:D:/GitHub/XMC4700-Workspace/XMC4700_BAR_LED/Dave/Generated/DIGITAL_IO\digital_io.h **** *   {
 255:D:/GitHub/XMC4700-Workspace/XMC4700_BAR_LED/Dave/Generated/DIGITAL_IO\digital_io.h **** *     XMC_DEBUG("DAVE Apps initialization success\n");
 256:D:/GitHub/XMC4700-Workspace/XMC4700_BAR_LED/Dave/Generated/DIGITAL_IO\digital_io.h **** *   }
 257:D:/GitHub/XMC4700-Workspace/XMC4700_BAR_LED/Dave/Generated/DIGITAL_IO\digital_io.h **** *   else
 258:D:/GitHub/XMC4700-Workspace/XMC4700_BAR_LED/Dave/Generated/DIGITAL_IO\digital_io.h **** *   {
 259:D:/GitHub/XMC4700-Workspace/XMC4700_BAR_LED/Dave/Generated/DIGITAL_IO\digital_io.h **** *     XMC_DEBUG(("DAVE Apps initialization failed with status %d\n", status));
 260:D:/GitHub/XMC4700-Workspace/XMC4700_BAR_LED/Dave/Generated/DIGITAL_IO\digital_io.h **** *     while(1U)
 261:D:/GitHub/XMC4700-Workspace/XMC4700_BAR_LED/Dave/Generated/DIGITAL_IO\digital_io.h **** *     {
 262:D:/GitHub/XMC4700-Workspace/XMC4700_BAR_LED/Dave/Generated/DIGITAL_IO\digital_io.h **** *     }
 263:D:/GitHub/XMC4700-Workspace/XMC4700_BAR_LED/Dave/Generated/DIGITAL_IO\digital_io.h **** *   }
 264:D:/GitHub/XMC4700-Workspace/XMC4700_BAR_LED/Dave/Generated/DIGITAL_IO\digital_io.h **** *   //Placeholder for user application code. The while loop below can be replaced with user applica
 265:D:/GitHub/XMC4700-Workspace/XMC4700_BAR_LED/Dave/Generated/DIGITAL_IO\digital_io.h **** *   DIGITAL_IO_SetOutputHigh(&DIGITAL_IO_0);
 266:D:/GitHub/XMC4700-Workspace/XMC4700_BAR_LED/Dave/Generated/DIGITAL_IO\digital_io.h **** *   while(1U)
 267:D:/GitHub/XMC4700-Workspace/XMC4700_BAR_LED/Dave/Generated/DIGITAL_IO\digital_io.h **** *   {
 268:D:/GitHub/XMC4700-Workspace/XMC4700_BAR_LED/Dave/Generated/DIGITAL_IO\digital_io.h **** *     // Add application code here
 269:D:/GitHub/XMC4700-Workspace/XMC4700_BAR_LED/Dave/Generated/DIGITAL_IO\digital_io.h **** *   }
 270:D:/GitHub/XMC4700-Workspace/XMC4700_BAR_LED/Dave/Generated/DIGITAL_IO\digital_io.h **** *
 271:D:/GitHub/XMC4700-Workspace/XMC4700_BAR_LED/Dave/Generated/DIGITAL_IO\digital_io.h **** *   return (1);
 272:D:/GitHub/XMC4700-Workspace/XMC4700_BAR_LED/Dave/Generated/DIGITAL_IO\digital_io.h **** * }
 273:D:/GitHub/XMC4700-Workspace/XMC4700_BAR_LED/Dave/Generated/DIGITAL_IO\digital_io.h **** *  @endcode
 274:D:/GitHub/XMC4700-Workspace/XMC4700_BAR_LED/Dave/Generated/DIGITAL_IO\digital_io.h **** */
 275:D:/GitHub/XMC4700-Workspace/XMC4700_BAR_LED/Dave/Generated/DIGITAL_IO\digital_io.h **** 
 276:D:/GitHub/XMC4700-Workspace/XMC4700_BAR_LED/Dave/Generated/DIGITAL_IO\digital_io.h **** __STATIC_INLINE void DIGITAL_IO_SetOutputHigh(const DIGITAL_IO_t *const handler)
 277:D:/GitHub/XMC4700-Workspace/XMC4700_BAR_LED/Dave/Generated/DIGITAL_IO\digital_io.h **** {
 122              	 .loc 2 277 0
 123              	 .cfi_startproc
 124              	 
 125              	 
 126 0000 80B5     	 push {r7,lr}
 127              	.LCFI12:
 128              	 .cfi_def_cfa_offset 8
 129              	 .cfi_offset 7,-8
 130              	 .cfi_offset 14,-4
 131 0002 82B0     	 sub sp,sp,#8
 132              	.LCFI13:
 133              	 .cfi_def_cfa_offset 16
 134 0004 00AF     	 add r7,sp,#0
 135              	.LCFI14:
 136              	 .cfi_def_cfa_register 7
 137 0006 7860     	 str r0,[r7,#4]
 278:D:/GitHub/XMC4700-Workspace/XMC4700_BAR_LED/Dave/Generated/DIGITAL_IO\digital_io.h ****   XMC_ASSERT("DIGITAL_IO_SetOutputHigh: handler null pointer", handler != NULL);
 279:D:/GitHub/XMC4700-Workspace/XMC4700_BAR_LED/Dave/Generated/DIGITAL_IO\digital_io.h ****   XMC_GPIO_SetOutputHigh(handler->gpio_port, handler->gpio_pin);
 138              	 .loc 2 279 0
 139 0008 7B68     	 ldr r3,[r7,#4]
 140 000a 1A68     	 ldr r2,[r3]
 141 000c 7B68     	 ldr r3,[r7,#4]
 142 000e 1B7C     	 ldrb r3,[r3,#16]
 143 0010 1046     	 mov r0,r2
 144 0012 1946     	 mov r1,r3
 145 0014 FFF7FEFF 	 bl XMC_GPIO_SetOutputHigh
 280:D:/GitHub/XMC4700-Workspace/XMC4700_BAR_LED/Dave/Generated/DIGITAL_IO\digital_io.h **** }
 146              	 .loc 2 280 0
 147 0018 0837     	 adds r7,r7,#8
 148              	.LCFI15:
 149              	 .cfi_def_cfa_offset 8
 150 001a BD46     	 mov sp,r7
 151              	.LCFI16:
 152              	 .cfi_def_cfa_register 13
 153              	 
 154 001c 80BD     	 pop {r7,pc}
 155              	 .cfi_endproc
 156              	.LFE143:
 158 001e 00BF     	 .section .text.DIGITAL_IO_SetOutputLow,"ax",%progbits
 159              	 .align 2
 160              	 .thumb
 161              	 .thumb_func
 163              	DIGITAL_IO_SetOutputLow:
 164              	.LFB144:
 281:D:/GitHub/XMC4700-Workspace/XMC4700_BAR_LED/Dave/Generated/DIGITAL_IO\digital_io.h **** 
 282:D:/GitHub/XMC4700-Workspace/XMC4700_BAR_LED/Dave/Generated/DIGITAL_IO\digital_io.h **** /**
 283:D:/GitHub/XMC4700-Workspace/XMC4700_BAR_LED/Dave/Generated/DIGITAL_IO\digital_io.h **** * @brief Function to reset port pin.
 284:D:/GitHub/XMC4700-Workspace/XMC4700_BAR_LED/Dave/Generated/DIGITAL_IO\digital_io.h **** * @param handler Pointer pointing to APP data structure. Refer @ref DIGITAL_IO_t for details.
 285:D:/GitHub/XMC4700-Workspace/XMC4700_BAR_LED/Dave/Generated/DIGITAL_IO\digital_io.h **** * @return None
 286:D:/GitHub/XMC4700-Workspace/XMC4700_BAR_LED/Dave/Generated/DIGITAL_IO\digital_io.h **** *
 287:D:/GitHub/XMC4700-Workspace/XMC4700_BAR_LED/Dave/Generated/DIGITAL_IO\digital_io.h **** * \par<b>Description:</b><br>
 288:D:/GitHub/XMC4700-Workspace/XMC4700_BAR_LED/Dave/Generated/DIGITAL_IO\digital_io.h **** * This function configures port output modification register Pn_OMR, to make port pin to low level.
 289:D:/GitHub/XMC4700-Workspace/XMC4700_BAR_LED/Dave/Generated/DIGITAL_IO\digital_io.h **** *
 290:D:/GitHub/XMC4700-Workspace/XMC4700_BAR_LED/Dave/Generated/DIGITAL_IO\digital_io.h **** * \par<b>Related APIs:</b><BR>
 291:D:/GitHub/XMC4700-Workspace/XMC4700_BAR_LED/Dave/Generated/DIGITAL_IO\digital_io.h **** * DIGITAL_IO_SetOutputHigh()
 292:D:/GitHub/XMC4700-Workspace/XMC4700_BAR_LED/Dave/Generated/DIGITAL_IO\digital_io.h **** *
 293:D:/GitHub/XMC4700-Workspace/XMC4700_BAR_LED/Dave/Generated/DIGITAL_IO\digital_io.h **** * Example Usage:
 294:D:/GitHub/XMC4700-Workspace/XMC4700_BAR_LED/Dave/Generated/DIGITAL_IO\digital_io.h **** * @code
 295:D:/GitHub/XMC4700-Workspace/XMC4700_BAR_LED/Dave/Generated/DIGITAL_IO\digital_io.h **** *  #include "DAVE.h" //Declarations from DAVE Code Generation (includes SFR declaration)
 296:D:/GitHub/XMC4700-Workspace/XMC4700_BAR_LED/Dave/Generated/DIGITAL_IO\digital_io.h **** *
 297:D:/GitHub/XMC4700-Workspace/XMC4700_BAR_LED/Dave/Generated/DIGITAL_IO\digital_io.h **** *  int main(void)
 298:D:/GitHub/XMC4700-Workspace/XMC4700_BAR_LED/Dave/Generated/DIGITAL_IO\digital_io.h **** *  {
 299:D:/GitHub/XMC4700-Workspace/XMC4700_BAR_LED/Dave/Generated/DIGITAL_IO\digital_io.h **** *    DAVE_STATUS_t status;
 300:D:/GitHub/XMC4700-Workspace/XMC4700_BAR_LED/Dave/Generated/DIGITAL_IO\digital_io.h **** *    status = DAVE_Init();  //(DAVE_STATUS_t)DIGITAL_IO_Init(&DIGITAL_IO_0) is called within DAVE_I
 301:D:/GitHub/XMC4700-Workspace/XMC4700_BAR_LED/Dave/Generated/DIGITAL_IO\digital_io.h **** *    if(status == DAVE_STATUS_SUCCESS)
 302:D:/GitHub/XMC4700-Workspace/XMC4700_BAR_LED/Dave/Generated/DIGITAL_IO\digital_io.h **** *    {
 303:D:/GitHub/XMC4700-Workspace/XMC4700_BAR_LED/Dave/Generated/DIGITAL_IO\digital_io.h **** *      XMC_DEBUG("DAVE Apps initialization success\n");
 304:D:/GitHub/XMC4700-Workspace/XMC4700_BAR_LED/Dave/Generated/DIGITAL_IO\digital_io.h **** *    }
 305:D:/GitHub/XMC4700-Workspace/XMC4700_BAR_LED/Dave/Generated/DIGITAL_IO\digital_io.h **** *    else
 306:D:/GitHub/XMC4700-Workspace/XMC4700_BAR_LED/Dave/Generated/DIGITAL_IO\digital_io.h **** *    {
 307:D:/GitHub/XMC4700-Workspace/XMC4700_BAR_LED/Dave/Generated/DIGITAL_IO\digital_io.h **** *      XMC_DEBUG(("DAVE Apps initialization failed with status %d\n", status));
 308:D:/GitHub/XMC4700-Workspace/XMC4700_BAR_LED/Dave/Generated/DIGITAL_IO\digital_io.h **** *      while(1U)
 309:D:/GitHub/XMC4700-Workspace/XMC4700_BAR_LED/Dave/Generated/DIGITAL_IO\digital_io.h **** *      {
 310:D:/GitHub/XMC4700-Workspace/XMC4700_BAR_LED/Dave/Generated/DIGITAL_IO\digital_io.h **** *      }
 311:D:/GitHub/XMC4700-Workspace/XMC4700_BAR_LED/Dave/Generated/DIGITAL_IO\digital_io.h **** *    }
 312:D:/GitHub/XMC4700-Workspace/XMC4700_BAR_LED/Dave/Generated/DIGITAL_IO\digital_io.h **** *    //Placeholder for user application code. The while loop below can be replaced with user applic
 313:D:/GitHub/XMC4700-Workspace/XMC4700_BAR_LED/Dave/Generated/DIGITAL_IO\digital_io.h **** *    DIGITAL_IO_SetOutputLow(&DIGITAL_IO_0);
 314:D:/GitHub/XMC4700-Workspace/XMC4700_BAR_LED/Dave/Generated/DIGITAL_IO\digital_io.h **** *    while(1U)
 315:D:/GitHub/XMC4700-Workspace/XMC4700_BAR_LED/Dave/Generated/DIGITAL_IO\digital_io.h **** *    {
 316:D:/GitHub/XMC4700-Workspace/XMC4700_BAR_LED/Dave/Generated/DIGITAL_IO\digital_io.h **** *      // Add application code here
 317:D:/GitHub/XMC4700-Workspace/XMC4700_BAR_LED/Dave/Generated/DIGITAL_IO\digital_io.h **** *    }
 318:D:/GitHub/XMC4700-Workspace/XMC4700_BAR_LED/Dave/Generated/DIGITAL_IO\digital_io.h **** *
 319:D:/GitHub/XMC4700-Workspace/XMC4700_BAR_LED/Dave/Generated/DIGITAL_IO\digital_io.h **** *   return (1);
 320:D:/GitHub/XMC4700-Workspace/XMC4700_BAR_LED/Dave/Generated/DIGITAL_IO\digital_io.h **** * }
 321:D:/GitHub/XMC4700-Workspace/XMC4700_BAR_LED/Dave/Generated/DIGITAL_IO\digital_io.h **** *  @endcode
 322:D:/GitHub/XMC4700-Workspace/XMC4700_BAR_LED/Dave/Generated/DIGITAL_IO\digital_io.h **** */
 323:D:/GitHub/XMC4700-Workspace/XMC4700_BAR_LED/Dave/Generated/DIGITAL_IO\digital_io.h **** 
 324:D:/GitHub/XMC4700-Workspace/XMC4700_BAR_LED/Dave/Generated/DIGITAL_IO\digital_io.h **** __STATIC_INLINE void DIGITAL_IO_SetOutputLow(const DIGITAL_IO_t *const handler)
 325:D:/GitHub/XMC4700-Workspace/XMC4700_BAR_LED/Dave/Generated/DIGITAL_IO\digital_io.h **** {
 165              	 .loc 2 325 0
 166              	 .cfi_startproc
 167              	 
 168              	 
 169 0000 80B5     	 push {r7,lr}
 170              	.LCFI17:
 171              	 .cfi_def_cfa_offset 8
 172              	 .cfi_offset 7,-8
 173              	 .cfi_offset 14,-4
 174 0002 82B0     	 sub sp,sp,#8
 175              	.LCFI18:
 176              	 .cfi_def_cfa_offset 16
 177 0004 00AF     	 add r7,sp,#0
 178              	.LCFI19:
 179              	 .cfi_def_cfa_register 7
 180 0006 7860     	 str r0,[r7,#4]
 326:D:/GitHub/XMC4700-Workspace/XMC4700_BAR_LED/Dave/Generated/DIGITAL_IO\digital_io.h ****   XMC_ASSERT("DIGITAL_IO_SetOutputLow: handler null pointer", handler != NULL);
 327:D:/GitHub/XMC4700-Workspace/XMC4700_BAR_LED/Dave/Generated/DIGITAL_IO\digital_io.h ****   XMC_GPIO_SetOutputLow(handler->gpio_port,handler->gpio_pin);
 181              	 .loc 2 327 0
 182 0008 7B68     	 ldr r3,[r7,#4]
 183 000a 1A68     	 ldr r2,[r3]
 184 000c 7B68     	 ldr r3,[r7,#4]
 185 000e 1B7C     	 ldrb r3,[r3,#16]
 186 0010 1046     	 mov r0,r2
 187 0012 1946     	 mov r1,r3
 188 0014 FFF7FEFF 	 bl XMC_GPIO_SetOutputLow
 328:D:/GitHub/XMC4700-Workspace/XMC4700_BAR_LED/Dave/Generated/DIGITAL_IO\digital_io.h **** }
 189              	 .loc 2 328 0
 190 0018 0837     	 adds r7,r7,#8
 191              	.LCFI20:
 192              	 .cfi_def_cfa_offset 8
 193 001a BD46     	 mov sp,r7
 194              	.LCFI21:
 195              	 .cfi_def_cfa_register 13
 196              	 
 197 001c 80BD     	 pop {r7,pc}
 198              	 .cfi_endproc
 199              	.LFE144:
 201              	 .global counter
 202 001e 00BF     	 .section .bss.counter,"aw",%nobits
 203              	 .align 2
 206              	counter:
 207 0000 00000000 	 .space 4
 208              	 .section .text.Timer_Callback,"ax",%progbits
 209              	 .align 2
 210              	 .global Timer_Callback
 211              	 .thumb
 212              	 .thumb_func
 214              	Timer_Callback:
 215              	.LFB185:
 216              	 .file 3 "../main.c"
   1:../main.c     **** /*
   2:../main.c     ****  * main.c
   3:../main.c     ****  *
   4:../main.c     ****  *  Created on: 2024 May 24 10:16:47
   5:../main.c     ****  *  Author: kot_g
   6:../main.c     ****  */
   7:../main.c     **** 
   8:../main.c     **** 
   9:../main.c     **** 
  10:../main.c     **** 
  11:../main.c     **** #include "DAVE.h"                 //Declarations from DAVE Code Generation (includes SFR declaratio
  12:../main.c     **** 
  13:../main.c     **** 
  14:../main.c     **** #define TIME_1_SEC	1000U
  15:../main.c     **** 
  16:../main.c     **** /**
  17:../main.c     **** 
  18:../main.c     ****  * @brief main() - Application entry point
  19:../main.c     ****  *
  20:../main.c     ****  * <b>Details of function</b><br>
  21:../main.c     ****  * This routine is the application entry point. It is invoked by the device startup code. It is res
  22:../main.c     ****  * invoking the APP initialization dispatcher routine - DAVE_Init() and hosting the place-holder fo
  23:../main.c     ****  * code.
  24:../main.c     ****  */
  25:../main.c     **** 
  26:../main.c     **** __IO uint32_t counter = 0;
  27:../main.c     **** void Timer_Callback(void){
 217              	 .loc 3 27 0
 218              	 .cfi_startproc
 219              	 
 220              	 
 221              	 
 222 0000 80B4     	 push {r7}
 223              	.LCFI22:
 224              	 .cfi_def_cfa_offset 4
 225              	 .cfi_offset 7,-4
 226 0002 00AF     	 add r7,sp,#0
 227              	.LCFI23:
 228              	 .cfi_def_cfa_register 7
  28:../main.c     **** 	if(counter>=UINT32_MAX)
 229              	 .loc 3 28 0
 230 0004 084B     	 ldr r3,.L7
 231 0006 1B68     	 ldr r3,[r3]
 232 0008 B3F1FF3F 	 cmp r3,#-1
 233 000c 02D1     	 bne .L6
  29:../main.c     **** 		counter = 0;
 234              	 .loc 3 29 0
 235 000e 064B     	 ldr r3,.L7
 236 0010 0022     	 movs r2,#0
 237 0012 1A60     	 str r2,[r3]
 238              	.L6:
  30:../main.c     **** 	counter++;
 239              	 .loc 3 30 0
 240 0014 044B     	 ldr r3,.L7
 241 0016 1B68     	 ldr r3,[r3]
 242 0018 0133     	 adds r3,r3,#1
 243 001a 034A     	 ldr r2,.L7
 244 001c 1360     	 str r3,[r2]
  31:../main.c     **** }
 245              	 .loc 3 31 0
 246 001e BD46     	 mov sp,r7
 247              	.LCFI24:
 248              	 .cfi_def_cfa_register 13
 249              	 
 250 0020 5DF8047B 	 ldr r7,[sp],#4
 251              	.LCFI25:
 252              	 .cfi_restore 7
 253              	 .cfi_def_cfa_offset 0
 254 0024 7047     	 bx lr
 255              	.L8:
 256 0026 00BF     	 .align 2
 257              	.L7:
 258 0028 00000000 	 .word counter
 259              	 .cfi_endproc
 260              	.LFE185:
 262              	 .section .text.Delay_ms,"ax",%progbits
 263              	 .align 2
 264              	 .global Delay_ms
 265              	 .thumb
 266              	 .thumb_func
 268              	Delay_ms:
 269              	.LFB186:
  32:../main.c     **** 
  33:../main.c     **** 
  34:../main.c     **** 
  35:../main.c     **** void Delay_ms(uint32_t time){
 270              	 .loc 3 35 0
 271              	 .cfi_startproc
 272              	 
 273              	 
 274              	 
 275 0000 80B4     	 push {r7}
 276              	.LCFI26:
 277              	 .cfi_def_cfa_offset 4
 278              	 .cfi_offset 7,-4
 279 0002 85B0     	 sub sp,sp,#20
 280              	.LCFI27:
 281              	 .cfi_def_cfa_offset 24
 282 0004 00AF     	 add r7,sp,#0
 283              	.LCFI28:
 284              	 .cfi_def_cfa_register 7
 285 0006 7860     	 str r0,[r7,#4]
  36:../main.c     **** 	const uint32_t prevTime = counter;
 286              	 .loc 3 36 0
 287 0008 074B     	 ldr r3,.L11
 288 000a 1B68     	 ldr r3,[r3]
 289 000c FB60     	 str r3,[r7,#12]
  37:../main.c     **** 	while(counter<(prevTime+time));
 290              	 .loc 3 37 0
 291 000e 00BF     	 nop
 292              	.L10:
 293              	 .loc 3 37 0 is_stmt 0 discriminator 1
 294 0010 FA68     	 ldr r2,[r7,#12]
 295 0012 7B68     	 ldr r3,[r7,#4]
 296 0014 1A44     	 add r2,r2,r3
 297 0016 044B     	 ldr r3,.L11
 298 0018 1B68     	 ldr r3,[r3]
 299 001a 9A42     	 cmp r2,r3
 300 001c F8D8     	 bhi .L10
  38:../main.c     **** }
 301              	 .loc 3 38 0 is_stmt 1
 302 001e 1437     	 adds r7,r7,#20
 303              	.LCFI29:
 304              	 .cfi_def_cfa_offset 4
 305 0020 BD46     	 mov sp,r7
 306              	.LCFI30:
 307              	 .cfi_def_cfa_register 13
 308              	 
 309 0022 5DF8047B 	 ldr r7,[sp],#4
 310              	.LCFI31:
 311              	 .cfi_restore 7
 312              	 .cfi_def_cfa_offset 0
 313 0026 7047     	 bx lr
 314              	.L12:
 315              	 .align 2
 316              	.L11:
 317 0028 00000000 	 .word counter
 318              	 .cfi_endproc
 319              	.LFE186:
 321              	 .section .text.main,"ax",%progbits
 322              	 .align 2
 323              	 .global main
 324              	 .thumb
 325              	 .thumb_func
 327              	main:
 328              	.LFB187:
  39:../main.c     **** 
  40:../main.c     **** int main(void)
  41:../main.c     **** {
 329              	 .loc 3 41 0
 330              	 .cfi_startproc
 331              	 
 332              	 
 333 0000 80B5     	 push {r7,lr}
 334              	.LCFI32:
 335              	 .cfi_def_cfa_offset 8
 336              	 .cfi_offset 7,-8
 337              	 .cfi_offset 14,-4
 338 0002 82B0     	 sub sp,sp,#8
 339              	.LCFI33:
 340              	 .cfi_def_cfa_offset 16
 341 0004 00AF     	 add r7,sp,#0
 342              	.LCFI34:
 343              	 .cfi_def_cfa_register 7
  42:../main.c     ****   DAVE_STATUS_t status;
  43:../main.c     ****   uint32_t TimerId;
  44:../main.c     **** 
  45:../main.c     ****   status = DAVE_Init();           /* Initialization of DAVE APPs  */
 344              	 .loc 3 45 0
 345 0006 FFF7FEFF 	 bl DAVE_Init
 346 000a 0346     	 mov r3,r0
 347 000c FB71     	 strb r3,[r7,#7]
  46:../main.c     **** 
  47:../main.c     ****   if (status != DAVE_STATUS_SUCCESS)
 348              	 .loc 3 47 0
 349 000e FB79     	 ldrb r3,[r7,#7]
 350 0010 002B     	 cmp r3,#0
 351 0012 00D0     	 beq .L14
 352              	.L15:
  48:../main.c     ****   {
  49:../main.c     ****     /* Placeholder for error handler code. The while loop below can be replaced with an user error 
  50:../main.c     ****     XMC_DEBUG("DAVE APPs initialization failed\n");
  51:../main.c     **** 
  52:../main.c     ****     while(1U)
  53:../main.c     ****     {
  54:../main.c     **** 
  55:../main.c     ****     }
 353              	 .loc 3 55 0 discriminator 1
 354 0014 FEE7     	 b .L15
 355              	.L14:
  56:../main.c     ****   }
  57:../main.c     **** 
  58:../main.c     ****   TimerId = SYSTIMER_CreateTimer(TIME_1_SEC,SYSTIMER_MODE_PERIODIC,(void*)Timer_Callback,NULL);
 356              	 .loc 3 58 0
 357 0016 4FF47A70 	 mov r0,#1000
 358 001a 0121     	 movs r1,#1
 359 001c 224A     	 ldr r2,.L17
 360 001e 0023     	 movs r3,#0
 361 0020 FFF7FEFF 	 bl SYSTIMER_CreateTimer
 362 0024 3860     	 str r0,[r7]
  59:../main.c     ****   if(TimerId != 0U)
 363              	 .loc 3 59 0
 364 0026 3B68     	 ldr r3,[r7]
 365 0028 002B     	 cmp r3,#0
 366 002a 04D0     	 beq .L16
  60:../main.c     **** 	{
  61:../main.c     **** 	  //Timer is created successfully
  62:../main.c     **** 	  // Start/Run Software Timer
  63:../main.c     **** 	  status = SYSTIMER_StartTimer(TimerId);
 367              	 .loc 3 63 0
 368 002c 3868     	 ldr r0,[r7]
 369 002e FFF7FEFF 	 bl SYSTIMER_StartTimer
 370 0032 0346     	 mov r3,r0
 371 0034 FB71     	 strb r3,[r7,#7]
 372              	.L16:
  64:../main.c     **** 	  if(status == SYSTIMER_STATUS_SUCCESS)
  65:../main.c     **** 	  {
  66:../main.c     **** 		// Timer is running
  67:../main.c     **** 	  }
  68:../main.c     **** 	  else
  69:../main.c     **** 	  {
  70:../main.c     **** 		// Error during software timer start operation
  71:../main.c     **** 	  }
  72:../main.c     **** 	}
  73:../main.c     **** 
  74:../main.c     **** 
  75:../main.c     ****   /* Placeholder for user application code. The while loop below can be replaced with user applicat
  76:../main.c     ****   while(1U)
  77:../main.c     ****   {
  78:../main.c     **** 	  DIGITAL_IO_SetOutputLow(&DIGITAL_IO_0);
 373              	 .loc 3 78 0 discriminator 1
 374 0036 1D48     	 ldr r0,.L17+4
 375 0038 FFF7FEFF 	 bl DIGITAL_IO_SetOutputLow
  79:../main.c     **** 	  DIGITAL_IO_SetOutputLow(&DIGITAL_IO_1);
 376              	 .loc 3 79 0 discriminator 1
 377 003c 1C48     	 ldr r0,.L17+8
 378 003e FFF7FEFF 	 bl DIGITAL_IO_SetOutputLow
  80:../main.c     **** 	  DIGITAL_IO_SetOutputLow(&DIGITAL_IO_2);
 379              	 .loc 3 80 0 discriminator 1
 380 0042 1C48     	 ldr r0,.L17+12
 381 0044 FFF7FEFF 	 bl DIGITAL_IO_SetOutputLow
  81:../main.c     **** 	  DIGITAL_IO_SetOutputLow(&DIGITAL_IO_3);
 382              	 .loc 3 81 0 discriminator 1
 383 0048 1B48     	 ldr r0,.L17+16
 384 004a FFF7FEFF 	 bl DIGITAL_IO_SetOutputLow
  82:../main.c     **** 	  DIGITAL_IO_SetOutputLow(&DIGITAL_IO_4);
 385              	 .loc 3 82 0 discriminator 1
 386 004e 1B48     	 ldr r0,.L17+20
 387 0050 FFF7FEFF 	 bl DIGITAL_IO_SetOutputLow
  83:../main.c     **** 	  DIGITAL_IO_SetOutputLow(&DIGITAL_IO_5);
 388              	 .loc 3 83 0 discriminator 1
 389 0054 1A48     	 ldr r0,.L17+24
 390 0056 FFF7FEFF 	 bl DIGITAL_IO_SetOutputLow
  84:../main.c     **** 	  DIGITAL_IO_SetOutputLow(&DIGITAL_IO_6);
 391              	 .loc 3 84 0 discriminator 1
 392 005a 1A48     	 ldr r0,.L17+28
 393 005c FFF7FEFF 	 bl DIGITAL_IO_SetOutputLow
  85:../main.c     **** 	  DIGITAL_IO_SetOutputLow(&DIGITAL_IO_7);
 394              	 .loc 3 85 0 discriminator 1
 395 0060 1948     	 ldr r0,.L17+32
 396 0062 FFF7FEFF 	 bl DIGITAL_IO_SetOutputLow
  86:../main.c     **** 	  Delay_ms(1000);
 397              	 .loc 3 86 0 discriminator 1
 398 0066 4FF47A70 	 mov r0,#1000
 399 006a FFF7FEFF 	 bl Delay_ms
  87:../main.c     **** 
  88:../main.c     **** 	  DIGITAL_IO_SetOutputHigh(&DIGITAL_IO_0);
 400              	 .loc 3 88 0 discriminator 1
 401 006e 0F48     	 ldr r0,.L17+4
 402 0070 FFF7FEFF 	 bl DIGITAL_IO_SetOutputHigh
  89:../main.c     **** 	  DIGITAL_IO_SetOutputHigh(&DIGITAL_IO_1);
 403              	 .loc 3 89 0 discriminator 1
 404 0074 0E48     	 ldr r0,.L17+8
 405 0076 FFF7FEFF 	 bl DIGITAL_IO_SetOutputHigh
  90:../main.c     **** 	  DIGITAL_IO_SetOutputHigh(&DIGITAL_IO_2);
 406              	 .loc 3 90 0 discriminator 1
 407 007a 0E48     	 ldr r0,.L17+12
 408 007c FFF7FEFF 	 bl DIGITAL_IO_SetOutputHigh
  91:../main.c     **** 	  DIGITAL_IO_SetOutputHigh(&DIGITAL_IO_3);
 409              	 .loc 3 91 0 discriminator 1
 410 0080 0D48     	 ldr r0,.L17+16
 411 0082 FFF7FEFF 	 bl DIGITAL_IO_SetOutputHigh
  92:../main.c     **** 	  DIGITAL_IO_SetOutputHigh(&DIGITAL_IO_4);
 412              	 .loc 3 92 0 discriminator 1
 413 0086 0D48     	 ldr r0,.L17+20
 414 0088 FFF7FEFF 	 bl DIGITAL_IO_SetOutputHigh
  93:../main.c     **** 	  DIGITAL_IO_SetOutputHigh(&DIGITAL_IO_5);
 415              	 .loc 3 93 0 discriminator 1
 416 008c 0C48     	 ldr r0,.L17+24
 417 008e FFF7FEFF 	 bl DIGITAL_IO_SetOutputHigh
  94:../main.c     **** 	  DIGITAL_IO_SetOutputHigh(&DIGITAL_IO_6);
 418              	 .loc 3 94 0 discriminator 1
 419 0092 0C48     	 ldr r0,.L17+28
 420 0094 FFF7FEFF 	 bl DIGITAL_IO_SetOutputHigh
  95:../main.c     **** 	  DIGITAL_IO_SetOutputHigh(&DIGITAL_IO_7);
 421              	 .loc 3 95 0 discriminator 1
 422 0098 0B48     	 ldr r0,.L17+32
 423 009a FFF7FEFF 	 bl DIGITAL_IO_SetOutputHigh
  96:../main.c     **** 	  Delay_ms(1000);
 424              	 .loc 3 96 0 discriminator 1
 425 009e 4FF47A70 	 mov r0,#1000
 426 00a2 FFF7FEFF 	 bl Delay_ms
  97:../main.c     ****   }
 427              	 .loc 3 97 0 discriminator 1
 428 00a6 C6E7     	 b .L16
 429              	.L18:
 430              	 .align 2
 431              	.L17:
 432 00a8 00000000 	 .word Timer_Callback
 433 00ac 00000000 	 .word DIGITAL_IO_0
 434 00b0 00000000 	 .word DIGITAL_IO_1
 435 00b4 00000000 	 .word DIGITAL_IO_2
 436 00b8 00000000 	 .word DIGITAL_IO_3
 437 00bc 00000000 	 .word DIGITAL_IO_4
 438 00c0 00000000 	 .word DIGITAL_IO_5
 439 00c4 00000000 	 .word DIGITAL_IO_6
 440 00c8 00000000 	 .word DIGITAL_IO_7
 441              	 .cfi_endproc
 442              	.LFE187:
 444              	 .text
 445              	.Letext0:
 446              	 .file 4 "d:\\dave-ide-4.4.2-64bit\\eclipse\\arm-gcc-49\\arm-none-eabi\\include\\machine\\_default_types.h"
 447              	 .file 5 "d:\\dave-ide-4.4.2-64bit\\eclipse\\arm-gcc-49\\arm-none-eabi\\include\\stdint.h"
 448              	 .file 6 "D:/GitHub/XMC4700-Workspace/XMC4700_BAR_LED/Libraries/XMCLib/inc/xmc4_gpio.h"
 449              	 .file 7 "D:/GitHub/XMC4700-Workspace/XMC4700_BAR_LED/Dave/Generated/SYSTIMER/systimer.h"
 450              	 .file 8 "D:/GitHub/XMC4700-Workspace/XMC4700_BAR_LED/Dave/Generated/DAVE.h"
 451              	 .file 9 "D:/GitHub/XMC4700-Workspace/XMC4700_BAR_LED/Libraries/CMSIS/Include/cmsis_gcc.h"
 452              	 .file 10 "D:/GitHub/XMC4700-Workspace/XMC4700_BAR_LED/Libraries/CMSIS/Include/core_cm4.h"
 453              	 .file 11 "D:/GitHub/XMC4700-Workspace/XMC4700_BAR_LED/Libraries/CMSIS/Infineon/XMC4700_series/Include/system_XMC4700.h"
 454              	 .file 12 "D:/GitHub/XMC4700-Workspace/XMC4700_BAR_LED/Dave/Generated/DIGITAL_IO/digital_io_extern.h"
DEFINED SYMBOLS
                            *ABS*:00000000 main.c
    {standard input}:20     .text.XMC_GPIO_SetOutputHigh:00000000 $t
    {standard input}:24     .text.XMC_GPIO_SetOutputHigh:00000000 XMC_GPIO_SetOutputHigh
    {standard input}:68     .text.XMC_GPIO_SetOutputLow:00000000 $t
    {standard input}:72     .text.XMC_GPIO_SetOutputLow:00000000 XMC_GPIO_SetOutputLow
    {standard input}:115    .text.DIGITAL_IO_SetOutputHigh:00000000 $t
    {standard input}:119    .text.DIGITAL_IO_SetOutputHigh:00000000 DIGITAL_IO_SetOutputHigh
    {standard input}:159    .text.DIGITAL_IO_SetOutputLow:00000000 $t
    {standard input}:163    .text.DIGITAL_IO_SetOutputLow:00000000 DIGITAL_IO_SetOutputLow
    {standard input}:206    .bss.counter:00000000 counter
    {standard input}:203    .bss.counter:00000000 $d
    {standard input}:209    .text.Timer_Callback:00000000 $t
    {standard input}:214    .text.Timer_Callback:00000000 Timer_Callback
    {standard input}:258    .text.Timer_Callback:00000028 $d
    {standard input}:263    .text.Delay_ms:00000000 $t
    {standard input}:268    .text.Delay_ms:00000000 Delay_ms
    {standard input}:317    .text.Delay_ms:00000028 $d
    {standard input}:322    .text.main:00000000 $t
    {standard input}:327    .text.main:00000000 main
    {standard input}:432    .text.main:000000a8 $d
                     .debug_frame:00000010 $d

UNDEFINED SYMBOLS
DAVE_Init
SYSTIMER_CreateTimer
SYSTIMER_StartTimer
DIGITAL_IO_0
DIGITAL_IO_1
DIGITAL_IO_2
DIGITAL_IO_3
DIGITAL_IO_4
DIGITAL_IO_5
DIGITAL_IO_6
DIGITAL_IO_7
